<?xml version="1.0" encoding="UTF-8"?>
<testsuite xmlns:xsi="http://www.w3.org/2001/XMLSchema-instance" xsi:noNamespaceSchemaLocation="https://maven.apache.org/surefire/maven-surefire-plugin/xsd/surefire-test-report-3.0.xsd" version="3.0" name="hr.winary.webshop.jwpwinary.JwpWinaryApplicationTests" time="7.806" tests="1" errors="0" skipped="0" failures="0">
  <properties>
[...]
</properties>
  <testcase name="contextLoads" classname="hr.winary.webshop.jwpwinary.JwpWinaryApplicationTests" time="0.678">
    <system-out><![CDATA[23:53:17.345 [main] INFO org.springframework.test.context.support.AnnotationConfigContextLoaderUtils -- Could not detect default configuration classes for test class [hr.winary.webshop.jwpwinary.JwpWinaryApplicationTests]: JwpWinaryApplicationTests does not declare any static, non-private, non-final, nested classes annotated with @Configuration.
23:53:17.505 [main] INFO org.springframework.boot.test.context.SpringBootTestContextBootstrapper -- Found @SpringBootConfiguration hr.winary.webshop.jwpwinary.JwpWinaryApplication for test class hr.winary.webshop.jwpwinary.JwpWinaryApplicationTests
23:53:17.743 [main] INFO org.springframework.boot.devtools.restart.RestartApplicationListener -- Restart disabled due to context in which it is running

  .   ____          _            __ _ _
 /\\ / ___'_ __ _ _(_)_ __  __ _ \ \ \ \
( ( )\___ | '_ | '_| | '_ \/ _` | \ \ \ \
 \\/  ___)| |_)| | | | | || (_| |  ) ) ) )
  '  |____| .__|_| |_|_| |_\__, | / / / /
 =========|_|==============|___/=/_/_/_/
 :: Spring Boot ::                (v3.2.5)

2024-05-26T23:53:18.045+02:00  INFO 3612 --- [JWP-Winary] [           main] h.w.w.j.JwpWinaryApplicationTests        : Starting JwpWinaryApplicationTests using Java 21 with PID 3612 (started by Isabelle in C:\Users\Isabelle\Desktop\VUA\Semestar6\JWP\JWP-Winary)
2024-05-26T23:53:18.046+02:00 DEBUG 3612 --- [JWP-Winary] [           main] h.w.w.j.JwpWinaryApplicationTests        : Running with Spring Boot v3.2.5, Spring v6.1.6
2024-05-26T23:53:18.047+02:00  INFO 3612 --- [JWP-Winary] [           main] h.w.w.j.JwpWinaryApplicationTests        : No active profile set, falling back to 1 default profile: "default"
2024-05-26T23:53:18.047+02:00 DEBUG 3612 --- [JWP-Winary] [           main] o.s.boot.SpringApplication               : Loading source class hr.winary.webshop.jwpwinary.JwpWinaryApplication
2024-05-26T23:53:18.090+02:00 DEBUG 3612 --- [JWP-Winary] [           main] o.s.w.c.s.GenericWebApplicationContext   : Refreshing org.springframework.web.context.support.GenericWebApplicationContext@33c2bd
2024-05-26T23:53:18.116+02:00 DEBUG 3612 --- [JWP-Winary] [           main] o.s.b.f.s.DefaultListableBeanFactory     : Creating shared instance of singleton bean 'org.springframework.context.annotation.internalConfigurationAnnotationProcessor'
2024-05-26T23:53:18.134+02:00 DEBUG 3612 --- [JWP-Winary] [           main] o.s.b.f.s.DefaultListableBeanFactory     : Creating shared instance of singleton bean 'org.springframework.boot.autoconfigure.internalCachingMetadataReaderFactory'
2024-05-26T23:53:18.179+02:00 DEBUG 3612 --- [JWP-Winary] [           main] o.s.c.a.ClassPathBeanDefinitionScanner   : Identified candidate component class: file [C:\Users\Isabelle\Desktop\VUA\Semestar6\JWP\JWP-Winary\target\classes\hr\winary\webshop\jwpwinary\configuration\CustomAuthenticationSuccessHandler.class]
2024-05-26T23:53:18.188+02:00 DEBUG 3612 --- [JWP-Winary] [           main] o.s.c.a.ClassPathBeanDefinitionScanner   : Identified candidate component class: file [C:\Users\Isabelle\Desktop\VUA\Semestar6\JWP\JWP-Winary\target\classes\hr\winary\webshop\jwpwinary\configuration\ImageConfig.class]
2024-05-26T23:53:18.196+02:00 DEBUG 3612 --- [JWP-Winary] [           main] o.s.c.a.ClassPathBeanDefinitionScanner   : Identified candidate component class: file [C:\Users\Isabelle\Desktop\VUA\Semestar6\JWP\JWP-Winary\target\classes\hr\winary\webshop\jwpwinary\configuration\PayPalConfiguration.class]
2024-05-26T23:53:18.211+02:00 DEBUG 3612 --- [JWP-Winary] [           main] o.s.c.a.ClassPathBeanDefinitionScanner   : Identified candidate component class: file [C:\Users\Isabelle\Desktop\VUA\Semestar6\JWP\JWP-Winary\target\classes\hr\winary\webshop\jwpwinary\configuration\SecurityConfig.class]
2024-05-26T23:53:18.253+02:00 DEBUG 3612 --- [JWP-Winary] [           main] o.s.c.a.ClassPathBeanDefinitionScanner   : Identified candidate component class: file [C:\Users\Isabelle\Desktop\VUA\Semestar6\JWP\JWP-Winary\target\classes\hr\winary\webshop\jwpwinary\controller\mvc\AdminController.class]
2024-05-26T23:53:18.265+02:00 DEBUG 3612 --- [JWP-Winary] [           main] o.s.c.a.ClassPathBeanDefinitionScanner   : Identified candidate component class: file [C:\Users\Isabelle\Desktop\VUA\Semestar6\JWP\JWP-Winary\target\classes\hr\winary\webshop\jwpwinary\controller\mvc\CartController.class]
2024-05-26T23:53:18.278+02:00 DEBUG 3612 --- [JWP-Winary] [           main] o.s.c.a.ClassPathBeanDefinitionScanner   : Identified candidate component class: file [C:\Users\Isabelle\Desktop\VUA\Semestar6\JWP\JWP-Winary\target\classes\hr\winary\webshop\jwpwinary\controller\mvc\ErrorController.class]
2024-05-26T23:53:18.293+02:00 DEBUG 3612 --- [JWP-Winary] [           main] o.s.c.a.ClassPathBeanDefinitionScanner   : Identified candidate component class: file [C:\Users\Isabelle\Desktop\VUA\Semestar6\JWP\JWP-Winary\target\classes\hr\winary\webshop\jwpwinary\controller\mvc\HomeController.class]
2024-05-26T23:53:18.313+02:00 DEBUG 3612 --- [JWP-Winary] [           main] o.s.c.a.ClassPathBeanDefinitionScanner   : Identified candidate component class: file [C:\Users\Isabelle\Desktop\VUA\Semestar6\JWP\JWP-Winary\target\classes\hr\winary\webshop\jwpwinary\controller\mvc\PaymentController.class]
2024-05-26T23:53:18.331+02:00 DEBUG 3612 --- [JWP-Winary] [           main] o.s.c.a.ClassPathBeanDefinitionScanner   : Identified candidate component class: file [C:\Users\Isabelle\Desktop\VUA\Semestar6\JWP\JWP-Winary\target\classes\hr\winary\webshop\jwpwinary\filter\HttpMethodeFilter.class]
2024-05-26T23:53:18.335+02:00 DEBUG 3612 --- [JWP-Winary] [           main] o.s.c.a.ClassPathBeanDefinitionScanner   : Identified candidate component class: file [C:\Users\Isabelle\Desktop\VUA\Semestar6\JWP\JWP-Winary\target\classes\hr\winary\webshop\jwpwinary\GlobalData.class]
2024-05-26T23:53:18.373+02:00 DEBUG 3612 --- [JWP-Winary] [           main] o.s.c.a.ClassPathBeanDefinitionScanner   : Identified candidate component class: file [C:\Users\Isabelle\Desktop\VUA\Semestar6\JWP\JWP-Winary\target\classes\hr\winary\webshop\jwpwinary\listeners\HttpSessionListener.class]
2024-05-26T23:53:18.459+02:00 DEBUG 3612 --- [JWP-Winary] [           main] o.s.c.a.ClassPathBeanDefinitionScanner   : Ignored because not a concrete top-level class: file [C:\Users\Isabelle\Desktop\VUA\Semestar6\JWP\JWP-Winary\target\classes\hr\winary\webshop\jwpwinary\repository\PurchaseRepository.class]
2024-05-26T23:53:18.465+02:00 DEBUG 3612 --- [JWP-Winary] [           main] o.s.c.a.ClassPathBeanDefinitionScanner   : Ignored because not a concrete top-level class: file [C:\Users\Isabelle\Desktop\VUA\Semestar6\JWP\JWP-Winary\target\classes\hr\winary\webshop\jwpwinary\repository\UserRepository.class]
2024-05-26T23:53:18.486+02:00 DEBUG 3612 --- [JWP-Winary] [           main] o.s.c.a.ClassPathBeanDefinitionScanner   : Identified candidate component class: file [C:\Users\Isabelle\Desktop\VUA\Semestar6\JWP\JWP-Winary\target\classes\hr\winary\webshop\jwpwinary\service\CategoryService.class]
2024-05-26T23:53:18.495+02:00 DEBUG 3612 --- [JWP-Winary] [           main] o.s.c.a.ClassPathBeanDefinitionScanner   : Identified candidate component class: file [C:\Users\Isabelle\Desktop\VUA\Semestar6\JWP\JWP-Winary\target\classes\hr\winary\webshop\jwpwinary\service\MyUserDetailService.class]
2024-05-26T23:53:18.505+02:00 DEBUG 3612 --- [JWP-Winary] [           main] o.s.c.a.ClassPathBeanDefinitionScanner   : Identified candidate component class: file [C:\Users\Isabelle\Desktop\VUA\Semestar6\JWP\JWP-Winary\target\classes\hr\winary\webshop\jwpwinary\service\PaypalService.class]
2024-05-26T23:53:18.520+02:00 DEBUG 3612 --- [JWP-Winary] [           main] o.s.c.a.ClassPathBeanDefinitionScanner   : Identified candidate component class: file [C:\Users\Isabelle\Desktop\VUA\Semestar6\JWP\JWP-Winary\target\classes\hr\winary\webshop\jwpwinary\service\UserLoginService.class]
2024-05-26T23:53:18.528+02:00 DEBUG 3612 --- [JWP-Winary] [           main] o.s.c.a.ClassPathBeanDefinitionScanner   : Identified candidate component class: file [C:\Users\Isabelle\Desktop\VUA\Semestar6\JWP\JWP-Winary\target\classes\hr\winary\webshop\jwpwinary\service\WineService.class]
2024-05-26T23:53:19.184+02:00  INFO 3612 --- [JWP-Winary] [           main] .s.d.r.c.RepositoryConfigurationDelegate : Bootstrapping Spring Data JPA repositories in DEFAULT mode.
2024-05-26T23:53:19.193+02:00 DEBUG 3612 --- [JWP-Winary] [           main] o.s.b.f.s.DefaultListableBeanFactory     : Creating shared instance of singleton bean 'org.springframework.boot.autoconfigure.AutoConfigurationPackages'
2024-05-26T23:53:19.201+02:00 DEBUG 3612 --- [JWP-Winary] [           main] o.s.b.a.AutoConfigurationPackages        : @EnableAutoConfiguration was declared on a class in the package 'hr.winary.webshop.jwpwinary'. Automatic @Repository and @Entity scanning is enabled.
2024-05-26T23:53:19.202+02:00 DEBUG 3612 --- [JWP-Winary] [           main] .s.d.r.c.RepositoryConfigurationDelegate : Scanning for JPA repositories in packages hr.winary.webshop.jwpwinary.
2024-05-26T23:53:19.214+02:00 DEBUG 3612 --- [JWP-Winary] [           main] o.s.d.r.c.RepositoryComponentProvider    : Identified candidate component class: file [C:\Users\Isabelle\Desktop\VUA\Semestar6\JWP\JWP-Winary\target\classes\hr\winary\webshop\jwpwinary\repository\CategoryRepository.class]
2024-05-26T23:53:19.214+02:00 DEBUG 3612 --- [JWP-Winary] [           main] o.s.d.r.c.RepositoryComponentProvider    : Identified candidate component class: file [C:\Users\Isabelle\Desktop\VUA\Semestar6\JWP\JWP-Winary\target\classes\hr\winary\webshop\jwpwinary\repository\PurchaseRepository.class]
2024-05-26T23:53:19.214+02:00 DEBUG 3612 --- [JWP-Winary] [           main] o.s.d.r.c.RepositoryComponentProvider    : Identified candidate component class: file [C:\Users\Isabelle\Desktop\VUA\Semestar6\JWP\JWP-Winary\target\classes\hr\winary\webshop\jwpwinary\repository\UserRepository.class]
2024-05-26T23:53:19.214+02:00 DEBUG 3612 --- [JWP-Winary] [           main] o.s.d.r.c.RepositoryComponentProvider    : Identified candidate component class: file [C:\Users\Isabelle\Desktop\VUA\Semestar6\JWP\JWP-Winary\target\classes\hr\winary\webshop\jwpwinary\repository\WineRepository.class]
2024-05-26T23:53:19.259+02:00  INFO 3612 --- [JWP-Winary] [           main] .s.d.r.c.RepositoryConfigurationDelegate : Finished Spring Data repository scanning in 55 ms. Found 4 JPA repository interfaces.
2024-05-26T23:53:19.385+02:00 DEBUG 3612 --- [JWP-Winary] [           main] o.s.b.f.s.DefaultListableBeanFactory     : Creating shared instance of singleton bean 'springSecurityHandlerMappingIntrospectorBeanDefinitionRegistryPostProcessor'
2024-05-26T23:53:19.386+02:00 DEBUG 3612 --- [JWP-Winary] [           main] o.s.b.f.s.DefaultListableBeanFactory     : Creating shared instance of singleton bean 'authorizedClientManagerRegistrar'
2024-05-26T23:53:19.387+02:00 DEBUG 3612 --- [JWP-Winary] [           main] o.s.b.f.s.DefaultListableBeanFactory     : Creating shared instance of singleton bean 'org.springframework.security.config.annotation.web.configuration.OAuth2ClientConfiguration$OAuth2AuthorizedClientManagerConfiguration'
2024-05-26T23:53:19.536+02:00 DEBUG 3612 --- [JWP-Winary] [           main] o.s.b.f.s.DefaultListableBeanFactory     : Creating shared instance of singleton bean 'propertySourcesPlaceholderConfigurer'
2024-05-26T23:53:19.540+02:00 DEBUG 3612 --- [JWP-Winary] [           main] o.s.b.f.s.DefaultListableBeanFactory     : Creating shared instance of singleton bean 'org.springframework.boot.test.mock.mockito.MockitoPostProcessor'
2024-05-26T23:53:19.541+02:00 DEBUG 3612 --- [JWP-Winary] [           main] o.s.b.f.s.DefaultListableBeanFactory     : Creating shared instance of singleton bean 'emBeanDefinitionRegistrarPostProcessor'
2024-05-26T23:53:19.541+02:00 DEBUG 3612 --- [JWP-Winary] [           main] o.s.b.f.s.DefaultListableBeanFactory     : Creating shared instance of singleton bean 'org.springframework.boot.sql.init.dependency.DatabaseInitializationDependencyConfigurer$DependsOnDatabaseInitializationPostProcessor'
2024-05-26T23:53:19.592+02:00 DEBUG 3612 --- [JWP-Winary] [           main] o.s.b.f.s.DefaultListableBeanFactory     : Creating shared instance of singleton bean 'org.springframework.context.event.internalEventListenerProcessor'
2024-05-26T23:53:19.594+02:00 DEBUG 3612 --- [JWP-Winary] [           main] o.s.b.f.s.DefaultListableBeanFactory     : Creating shared instance of singleton bean 'conversionServicePostProcessor'
2024-05-26T23:53:19.603+02:00 DEBUG 3612 --- [JWP-Winary] [           main] o.s.b.f.s.DefaultListableBeanFactory     : Creating shared instance of singleton bean 'preserveErrorControllerTargetClassPostProcessor'
2024-05-26T23:53:19.604+02:00 DEBUG 3612 --- [JWP-Winary] [           main] o.s.b.f.s.DefaultListableBeanFactory     : Creating shared instance of singleton bean 'org.springframework.context.event.internalEventListenerFactory'
2024-05-26T23:53:19.605+02:00 DEBUG 3612 --- [JWP-Winary] [           main] o.s.b.f.s.DefaultListableBeanFactory     : Creating shared instance of singleton bean 'org.springframework.transaction.config.internalTransactionalEventListenerFactory'
2024-05-26T23:53:19.608+02:00 DEBUG 3612 --- [JWP-Winary] [           main] o.s.b.f.s.DefaultListableBeanFactory     : Creating shared instance of singleton bean 'org.springframework.boot.test.mock.mockito.MockitoPostProcessor$SpyPostProcessor'
2024-05-26T23:53:19.610+02:00 DEBUG 3612 --- [JWP-Winary] [           main] o.s.b.f.s.DefaultListableBeanFactory     : Creating shared instance of singleton bean 'org.springframework.context.annotation.internalAutowiredAnnotationProcessor'
2024-05-26T23:53:19.612+02:00 DEBUG 3612 --- [JWP-Winary] [           main] o.s.b.f.s.DefaultListableBeanFactory     : Creating shared instance of singleton bean 'org.springframework.context.annotation.internalCommonAnnotationProcessor'
2024-05-26T23:53:19.617+02:00 DEBUG 3612 --- [JWP-Winary] [           main] o.s.b.f.s.DefaultListableBeanFactory     : Creating shared instance of singleton bean 'org.springframework.context.annotation.internalPersistenceAnnotationProcessor'
2024-05-26T23:53:19.618+02:00 DEBUG 3612 --- [JWP-Winary] [           main] o.s.b.f.s.DefaultListableBeanFactory     : Creating shared instance of singleton bean 'org.springframework.boot.context.properties.ConfigurationPropertiesBindingPostProcessor'
2024-05-26T23:53:19.618+02:00 DEBUG 3612 --- [JWP-Winary] [           main] o.s.b.f.s.DefaultListableBeanFactory     : Creating shared instance of singleton bean 'org.springframework.boot.context.internalConfigurationPropertiesBinder'
2024-05-26T23:53:19.621+02:00 DEBUG 3612 --- [JWP-Winary] [           main] o.s.b.f.s.DefaultListableBeanFactory     : Creating shared instance of singleton bean 'jdbcConnectionDetailsHikariBeanPostProcessor'
2024-05-26T23:53:19.624+02:00 DEBUG 3612 --- [JWP-Winary] [           main] o.s.b.f.s.DefaultListableBeanFactory     : Creating shared instance of singleton bean 'org.springframework.aop.config.internalAutoProxyCreator'
2024-05-26T23:53:19.648+02:00 DEBUG 3612 --- [JWP-Winary] [           main] o.s.b.f.s.DefaultListableBeanFactory     : Creating shared instance of singleton bean 'persistenceExceptionTranslationPostProcessor'
2024-05-26T23:53:19.651+02:00 DEBUG 3612 --- [JWP-Winary] [           main] o.s.b.f.s.DefaultListableBeanFactory     : Autowiring by type from bean name 'persistenceExceptionTranslationPostProcessor' via factory method to bean named 'environment'
2024-05-26T23:53:19.655+02:00 DEBUG 3612 --- [JWP-Winary] [           main] o.s.b.f.s.DefaultListableBeanFactory     : Creating shared instance of singleton bean 'webServerFactoryCustomizerBeanPostProcessor'
2024-05-26T23:53:19.656+02:00 DEBUG 3612 --- [JWP-Winary] [           main] o.s.b.f.s.DefaultListableBeanFactory     : Creating shared instance of singleton bean 'errorPageRegistrarBeanPostProcessor'
2024-05-26T23:53:19.656+02:00 DEBUG 3612 --- [JWP-Winary] [           main] o.s.b.f.s.DefaultListableBeanFactory     : Creating shared instance of singleton bean 'projectingArgumentResolverBeanPostProcessor'
2024-05-26T23:53:19.657+02:00 DEBUG 3612 --- [JWP-Winary] [           main] o.s.b.f.s.DefaultListableBeanFactory     : Creating shared instance of singleton bean 'org.springframework.transaction.config.internalTransactionAdvisor'
2024-05-26T23:53:19.657+02:00 DEBUG 3612 --- [JWP-Winary] [           main] o.s.b.f.s.DefaultListableBeanFactory     : Creating shared instance of singleton bean 'org.springframework.transaction.annotation.ProxyTransactionManagementConfiguration'
2024-05-26T23:53:19.668+02:00 DEBUG 3612 --- [JWP-Winary] [           main] o.s.b.f.s.DefaultListableBeanFactory     : Creating shared instance of singleton bean 'transactionAttributeSource'
2024-05-26T23:53:19.669+02:00 DEBUG 3612 --- [JWP-Winary] [           main] o.s.b.f.s.DefaultListableBeanFactory     : Creating shared instance of singleton bean 'transactionInterceptor'
2024-05-26T23:53:19.670+02:00 DEBUG 3612 --- [JWP-Winary] [           main] o.s.b.f.s.DefaultListableBeanFactory     : Autowiring by type from bean name 'transactionInterceptor' via factory method to bean named 'transactionAttributeSource'
2024-05-26T23:53:19.676+02:00 DEBUG 3612 --- [JWP-Winary] [           main] o.s.b.f.s.DefaultListableBeanFactory     : Autowiring by type from bean name 'org.springframework.transaction.config.internalTransactionAdvisor' via factory method to bean named 'transactionAttributeSource'
2024-05-26T23:53:19.677+02:00 DEBUG 3612 --- [JWP-Winary] [           main] o.s.b.f.s.DefaultListableBeanFactory     : Autowiring by type from bean name 'org.springframework.transaction.config.internalTransactionAdvisor' via factory method to bean named 'transactionInterceptor'
2024-05-26T23:53:19.718+02:00 DEBUG 3612 --- [JWP-Winary] [           main] o.s.u.c.s.UiApplicationContextUtils      : Unable to locate ThemeSource with name 'themeSource': using default [org.springframework.ui.context.support.ResourceBundleThemeSource@220c9a63]
2024-05-26T23:53:19.721+02:00 DEBUG 3612 --- [JWP-Winary] [           main] o.s.b.f.s.DefaultListableBeanFactory     : Creating shared instance of singleton bean 'entityManagerFactory'
2024-05-26T23:53:19.724+02:00 DEBUG 3612 --- [JWP-Winary] [           main] o.s.b.f.s.DefaultListableBeanFactory     : Creating shared instance of singleton bean 'org.springframework.boot.autoconfigure.orm.jpa.HibernateJpaConfiguration'
2024-05-26T23:53:19.725+02:00 DEBUG 3612 --- [JWP-Winary] [           main] o.s.b.f.s.DefaultListableBeanFactory     : Creating shared instance of singleton bean 'dataSource'
2024-05-26T23:53:19.726+02:00 DEBUG 3612 --- [JWP-Winary] [           main] o.s.b.f.s.DefaultListableBeanFactory     : Creating shared instance of singleton bean 'org.springframework.boot.autoconfigure.jdbc.DataSourceConfiguration$Hikari'
2024-05-26T23:53:19.727+02:00 DEBUG 3612 --- [JWP-Winary] [           main] o.s.b.f.s.DefaultListableBeanFactory     : Creating shared instance of singleton bean 'spring.datasource-org.springframework.boot.autoconfigure.jdbc.DataSourceProperties'
2024-05-26T23:53:19.734+02:00 DEBUG 3612 --- [JWP-Winary] [           main] o.s.b.f.s.DefaultListableBeanFactory     : Creating shared instance of singleton bean 'org.springframework.boot.context.properties.BoundConfigurationProperties'
2024-05-26T23:53:19.773+02:00 DEBUG 3612 --- [JWP-Winary] [           main] o.s.b.f.s.DefaultListableBeanFactory     : Creating shared instance of singleton bean 'jdbcConnectionDetails'
2024-05-26T23:53:19.774+02:00 DEBUG 3612 --- [JWP-Winary] [           main] o.s.b.f.s.DefaultListableBeanFactory     : Creating shared instance of singleton bean 'org.springframework.boot.autoconfigure.jdbc.DataSourceAutoConfiguration$PooledDataSourceConfiguration'
2024-05-26T23:53:19.775+02:00 DEBUG 3612 --- [JWP-Winary] [           main] o.s.b.f.s.DefaultListableBeanFactory     : Autowiring by type from bean name 'jdbcConnectionDetails' via factory method to bean named 'spring.datasource-org.springframework.boot.autoconfigure.jdbc.DataSourceProperties'
2024-05-26T23:53:19.776+02:00 DEBUG 3612 --- [JWP-Winary] [           main] o.s.b.f.s.DefaultListableBeanFactory     : Autowiring by type from bean name 'dataSource' via factory method to bean named 'spring.datasource-org.springframework.boot.autoconfigure.jdbc.DataSourceProperties'
2024-05-26T23:53:19.776+02:00 DEBUG 3612 --- [JWP-Winary] [           main] o.s.b.f.s.DefaultListableBeanFactory     : Autowiring by type from bean name 'dataSource' via factory method to bean named 'jdbcConnectionDetails'
2024-05-26T23:53:19.779+02:00 DEBUG 3612 --- [JWP-Winary] [           main] com.zaxxer.hikari.HikariConfig           : Driver class org.h2.Driver found in Thread context class loader jdk.internal.loader.ClassLoaders$AppClassLoader@70dea4e
2024-05-26T23:53:19.800+02:00 DEBUG 3612 --- [JWP-Winary] [           main] o.s.b.f.s.DefaultListableBeanFactory     : Creating shared instance of singleton bean 'spring.jpa-org.springframework.boot.autoconfigure.orm.jpa.JpaProperties'
2024-05-26T23:53:19.804+02:00 DEBUG 3612 --- [JWP-Winary] [           main] o.s.b.f.s.DefaultListableBeanFactory     : Creating shared instance of singleton bean 'spring.jpa.hibernate-org.springframework.boot.autoconfigure.orm.jpa.HibernateProperties'
2024-05-26T23:53:19.806+02:00 DEBUG 3612 --- [JWP-Winary] [           main] o.s.b.f.s.DefaultListableBeanFactory     : Autowiring by type from bean name 'org.springframework.boot.autoconfigure.orm.jpa.HibernateJpaConfiguration' via constructor to bean named 'dataSource'
2024-05-26T23:53:19.806+02:00 DEBUG 3612 --- [JWP-Winary] [           main] o.s.b.f.s.DefaultListableBeanFactory     : Autowiring by type from bean name 'org.springframework.boot.autoconfigure.orm.jpa.HibernateJpaConfiguration' via constructor to bean named 'spring.jpa-org.springframework.boot.autoconfigure.orm.jpa.JpaProperties'
2024-05-26T23:53:19.806+02:00 DEBUG 3612 --- [JWP-Winary] [           main] o.s.b.f.s.DefaultListableBeanFactory     : Autowiring by type from bean name 'org.springframework.boot.autoconfigure.orm.jpa.HibernateJpaConfiguration' via constructor to bean named 'org.springframework.beans.factory.support.DefaultListableBeanFactory@46baf579'
2024-05-26T23:53:19.806+02:00 DEBUG 3612 --- [JWP-Winary] [           main] o.s.b.f.s.DefaultListableBeanFactory     : Autowiring by type from bean name 'org.springframework.boot.autoconfigure.orm.jpa.HibernateJpaConfiguration' via constructor to bean named 'spring.jpa.hibernate-org.springframework.boot.autoconfigure.orm.jpa.HibernateProperties'
2024-05-26T23:53:19.810+02:00 DEBUG 3612 --- [JWP-Winary] [           main] o.s.b.f.s.DefaultListableBeanFactory     : Creating shared instance of singleton bean 'hikariPoolDataSourceMetadataProvider'
2024-05-26T23:53:19.810+02:00 DEBUG 3612 --- [JWP-Winary] [           main] o.s.b.f.s.DefaultListableBeanFactory     : Creating shared instance of singleton bean 'org.springframework.boot.autoconfigure.jdbc.metadata.DataSourcePoolMetadataProvidersConfiguration$HikariPoolDataSourceMetadataProviderConfiguration'
2024-05-26T23:53:19.817+02:00 DEBUG 3612 --- [JWP-Winary] [           main] o.s.b.f.s.DefaultListableBeanFactory     : Creating shared instance of singleton bean 'entityManagerFactoryBuilder'
2024-05-26T23:53:19.818+02:00 DEBUG 3612 --- [JWP-Winary] [           main] o.s.b.f.s.DefaultListableBeanFactory     : Creating shared instance of singleton bean 'jpaVendorAdapter'
2024-05-26T23:53:19.835+02:00 DEBUG 3612 --- [JWP-Winary] [           main] org.jboss.logging                        : Logging Provider: org.jboss.logging.Slf4jLoggerProvider found via system property
2024-05-26T23:53:19.839+02:00 DEBUG 3612 --- [JWP-Winary] [           main] o.s.b.f.s.DefaultListableBeanFactory     : Autowiring by type from bean name 'entityManagerFactoryBuilder' via factory method to bean named 'jpaVendorAdapter'
2024-05-26T23:53:19.843+02:00 DEBUG 3612 --- [JWP-Winary] [           main] o.s.b.f.s.DefaultListableBeanFactory     : Creating shared instance of singleton bean 'persistenceManagedTypes'
2024-05-26T23:53:19.844+02:00 DEBUG 3612 --- [JWP-Winary] [           main] o.s.b.f.s.DefaultListableBeanFactory     : Autowiring by type from bean name 'persistenceManagedTypes' via factory method to bean named 'org.springframework.beans.factory.support.DefaultListableBeanFactory@46baf579'
2024-05-26T23:53:19.845+02:00 DEBUG 3612 --- [JWP-Winary] [           main] o.s.b.f.s.DefaultListableBeanFactory     : Autowiring by type from bean name 'persistenceManagedTypes' via factory method to bean named 'org.springframework.web.context.support.GenericWebApplicationContext@33c2bd'
2024-05-26T23:53:19.855+02:00 DEBUG 3612 --- [JWP-Winary] [           main] o.s.b.f.s.DefaultListableBeanFactory     : Autowiring by type from bean name 'entityManagerFactory' via factory method to bean named 'entityManagerFactoryBuilder'
2024-05-26T23:53:19.856+02:00 DEBUG 3612 --- [JWP-Winary] [           main] o.s.b.f.s.DefaultListableBeanFactory     : Autowiring by type from bean name 'entityManagerFactory' via factory method to bean named 'persistenceManagedTypes'
2024-05-26T23:53:19.878+02:00 DEBUG 3612 --- [JWP-Winary] [           main] j.LocalContainerEntityManagerFactoryBean : Building JPA container EntityManagerFactory for persistence unit 'default'
2024-05-26T23:53:19.907+02:00 DEBUG 3612 --- [JWP-Winary] [           main] o.hibernate.jpa.internal.util.LogHelper  : PersistenceUnitInfo [
	name: default
	persistence provider classname: null
	classloader: jdk.internal.loader.ClassLoaders$AppClassLoader@70dea4e
	excludeUnlistedClasses: true
	JTA datasource: null
	Non JTA datasource: HikariDataSource (null)
	Transaction type: RESOURCE_LOCAL
	PU root URL: file:/C:/Users/Isabelle/Desktop/VUA/Semestar6/JWP/JWP-Winary/target/test-classes/
	Shared Cache Mode: UNSPECIFIED
	Validation Mode: AUTO
	Jar files URLs []
	Managed classes names [
		hr.winary.webshop.jwpwinary.model.Category
		hr.winary.webshop.jwpwinary.model.Purchase
		hr.winary.webshop.jwpwinary.model.User
		hr.winary.webshop.jwpwinary.model.UserRole
		hr.winary.webshop.jwpwinary.model.Wine]
	Mapping files names []
	Properties []
2024-05-26T23:53:19.931+02:00 DEBUG 3612 --- [JWP-Winary] [           main] o.h.i.internal.IntegratorServiceImpl     : Adding Integrator [org.hibernate.boot.beanvalidation.BeanValidationIntegrator].
2024-05-26T23:53:19.933+02:00 DEBUG 3612 --- [JWP-Winary] [           main] o.h.i.internal.IntegratorServiceImpl     : Adding Integrator [org.hibernate.cache.internal.CollectionCacheInvalidator].
2024-05-26T23:53:20.017+02:00  INFO 3612 --- [JWP-Winary] [           main] org.hibernate.Version                    : HHH000412: Hibernate ORM core version 6.4.4.Final
2024-05-26T23:53:20.019+02:00 DEBUG 3612 --- [JWP-Winary] [           main] org.hibernate.cfg.Environment            : HHH000206: 'hibernate.properties' not found
2024-05-26T23:53:20.057+02:00 DEBUG 3612 --- [JWP-Winary] [           main] org.hibernate.orm.idgen.factory          : Registering IdentifierGenerator strategy [uuid2] -> [org.hibernate.id.UUIDGenerator]
2024-05-26T23:53:20.057+02:00 DEBUG 3612 --- [JWP-Winary] [           main] org.hibernate.orm.idgen.factory          : Registering IdentifierGenerator strategy [guid] -> [org.hibernate.id.GUIDGenerator]
2024-05-26T23:53:20.058+02:00 DEBUG 3612 --- [JWP-Winary] [           main] org.hibernate.orm.idgen.factory          : Registering IdentifierGenerator strategy [uuid] -> [org.hibernate.id.UUIDHexGenerator]
2024-05-26T23:53:20.058+02:00 DEBUG 3612 --- [JWP-Winary] [           main] org.hibernate.orm.idgen.factory          : Registering IdentifierGenerator strategy [uuid.hex] -> [org.hibernate.id.UUIDHexGenerator]
2024-05-26T23:53:20.059+02:00 DEBUG 3612 --- [JWP-Winary] [           main] org.hibernate.orm.idgen.factory          : Registering IdentifierGenerator strategy [assigned] -> [org.hibernate.id.Assigned]
2024-05-26T23:53:20.061+02:00 DEBUG 3612 --- [JWP-Winary] [           main] org.hibernate.orm.idgen.factory          : Registering IdentifierGenerator strategy [identity] -> [org.hibernate.id.IdentityGenerator]
2024-05-26T23:53:20.061+02:00 DEBUG 3612 --- [JWP-Winary] [           main] org.hibernate.orm.idgen.factory          : Registering IdentifierGenerator strategy [select] -> [org.hibernate.id.SelectGenerator]
2024-05-26T23:53:20.062+02:00 DEBUG 3612 --- [JWP-Winary] [           main] org.hibernate.orm.idgen.factory          : Registering IdentifierGenerator strategy [sequence] -> [org.hibernate.id.enhanced.SequenceStyleGenerator]
2024-05-26T23:53:20.063+02:00 DEBUG 3612 --- [JWP-Winary] [           main] org.hibernate.orm.idgen.factory          : Registering IdentifierGenerator strategy [increment] -> [org.hibernate.id.IncrementGenerator]
2024-05-26T23:53:20.064+02:00 DEBUG 3612 --- [JWP-Winary] [           main] org.hibernate.orm.idgen.factory          : Registering IdentifierGenerator strategy [foreign] -> [org.hibernate.id.ForeignGenerator]
2024-05-26T23:53:20.064+02:00 DEBUG 3612 --- [JWP-Winary] [           main] org.hibernate.orm.idgen.factory          : Registering IdentifierGenerator strategy [enhanced-sequence] -> [org.hibernate.id.enhanced.SequenceStyleGenerator]
2024-05-26T23:53:20.065+02:00 DEBUG 3612 --- [JWP-Winary] [           main] org.hibernate.orm.idgen.factory          : Registering IdentifierGenerator strategy [enhanced-table] -> [org.hibernate.id.enhanced.TableGenerator]
2024-05-26T23:53:20.076+02:00 DEBUG 3612 --- [JWP-Winary] [           main] o.h.c.internal.RegionFactoryInitiator    : Cannot default RegionFactory based on registered strategies as `[]` RegionFactory strategies were registered
2024-05-26T23:53:20.077+02:00  INFO 3612 --- [JWP-Winary] [           main] o.h.c.internal.RegionFactoryInitiator    : HHH000026: Second-level cache disabled
2024-05-26T23:53:20.209+02:00 DEBUG 3612 --- [JWP-Winary] [           main] org.hibernate.type.BasicTypeRegistry     : Adding type registration boolean -> org.hibernate.type.BasicTypeReference@8e99809
2024-05-26T23:53:20.209+02:00 DEBUG 3612 --- [JWP-Winary] [           main] org.hibernate.type.BasicTypeRegistry     : Adding type registration boolean -> org.hibernate.type.BasicTypeReference@8e99809
2024-05-26T23:53:20.209+02:00 DEBUG 3612 --- [JWP-Winary] [           main] org.hibernate.type.BasicTypeRegistry     : Adding type registration java.lang.Boolean -> org.hibernate.type.BasicTypeReference@8e99809
2024-05-26T23:53:20.209+02:00 DEBUG 3612 --- [JWP-Winary] [           main] org.hibernate.type.BasicTypeRegistry     : Adding type registration numeric_boolean -> org.hibernate.type.BasicTypeReference@e62319f
2024-05-26T23:53:20.209+02:00 DEBUG 3612 --- [JWP-Winary] [           main] org.hibernate.type.BasicTypeRegistry     : Adding type registration org.hibernate.type.NumericBooleanConverter -> org.hibernate.type.BasicTypeReference@e62319f
2024-05-26T23:53:20.210+02:00 DEBUG 3612 --- [JWP-Winary] [           main] org.hibernate.type.BasicTypeRegistry     : Adding type registration true_false -> org.hibernate.type.BasicTypeReference@4d354a3e
2024-05-26T23:53:20.210+02:00 DEBUG 3612 --- [JWP-Winary] [           main] org.hibernate.type.BasicTypeRegistry     : Adding type registration org.hibernate.type.TrueFalseConverter -> org.hibernate.type.BasicTypeReference@4d354a3e
2024-05-26T23:53:20.210+02:00 DEBUG 3612 --- [JWP-Winary] [           main] org.hibernate.type.BasicTypeRegistry     : Adding type registration yes_no -> org.hibernate.type.BasicTypeReference@24a0c58b
2024-05-26T23:53:20.211+02:00 DEBUG 3612 --- [JWP-Winary] [           main] org.hibernate.type.BasicTypeRegistry     : Adding type registration org.hibernate.type.YesNoConverter -> org.hibernate.type.BasicTypeReference@24a0c58b
2024-05-26T23:53:20.211+02:00 DEBUG 3612 --- [JWP-Winary] [           main] org.hibernate.type.BasicTypeRegistry     : Adding type registration byte -> org.hibernate.type.BasicTypeReference@604d28c6
2024-05-26T23:53:20.211+02:00 DEBUG 3612 --- [JWP-Winary] [           main] org.hibernate.type.BasicTypeRegistry     : Adding type registration byte -> org.hibernate.type.BasicTypeReference@604d28c6
2024-05-26T23:53:20.211+02:00 DEBUG 3612 --- [JWP-Winary] [           main] org.hibernate.type.BasicTypeRegistry     : Adding type registration java.lang.Byte -> org.hibernate.type.BasicTypeReference@604d28c6
2024-05-26T23:53:20.211+02:00 DEBUG 3612 --- [JWP-Winary] [           main] org.hibernate.type.BasicTypeRegistry     : Adding type registration binary -> org.hibernate.type.BasicTypeReference@7f3c0399
2024-05-26T23:53:20.211+02:00 DEBUG 3612 --- [JWP-Winary] [           main] org.hibernate.type.BasicTypeRegistry     : Adding type registration byte[] -> org.hibernate.type.BasicTypeReference@7f3c0399
2024-05-26T23:53:20.211+02:00 DEBUG 3612 --- [JWP-Winary] [           main] org.hibernate.type.BasicTypeRegistry     : Adding type registration [B -> org.hibernate.type.BasicTypeReference@7f3c0399
2024-05-26T23:53:20.212+02:00 DEBUG 3612 --- [JWP-Winary] [           main] org.hibernate.type.BasicTypeRegistry     : Adding type registration binary_wrapper -> org.hibernate.type.BasicTypeReference@183fc2fa
2024-05-26T23:53:20.212+02:00 DEBUG 3612 --- [JWP-Winary] [           main] org.hibernate.type.BasicTypeRegistry     : Adding type registration wrapper-binary -> org.hibernate.type.BasicTypeReference@183fc2fa
2024-05-26T23:53:20.212+02:00 DEBUG 3612 --- [JWP-Winary] [           main] org.hibernate.type.BasicTypeRegistry     : Adding type registration image -> org.hibernate.type.BasicTypeReference@3a11c0eb
2024-05-26T23:53:20.212+02:00 DEBUG 3612 --- [JWP-Winary] [           main] org.hibernate.type.BasicTypeRegistry     : Adding type registration blob -> org.hibernate.type.BasicTypeReference@3313d477
2024-05-26T23:53:20.212+02:00 DEBUG 3612 --- [JWP-Winary] [           main] org.hibernate.type.BasicTypeRegistry     : Adding type registration java.sql.Blob -> org.hibernate.type.BasicTypeReference@3313d477
2024-05-26T23:53:20.212+02:00 DEBUG 3612 --- [JWP-Winary] [           main] org.hibernate.type.BasicTypeRegistry     : Adding type registration materialized_blob -> org.hibernate.type.BasicTypeReference@2c2c3947
2024-05-26T23:53:20.212+02:00 DEBUG 3612 --- [JWP-Winary] [           main] org.hibernate.type.BasicTypeRegistry     : Adding type registration materialized_blob_wrapper -> org.hibernate.type.BasicTypeReference@4a62062a
2024-05-26T23:53:20.212+02:00 DEBUG 3612 --- [JWP-Winary] [           main] org.hibernate.type.BasicTypeRegistry     : Adding type registration short -> org.hibernate.type.BasicTypeReference@7ec08115
2024-05-26T23:53:20.212+02:00 DEBUG 3612 --- [JWP-Winary] [           main] org.hibernate.type.BasicTypeRegistry     : Adding type registration short -> org.hibernate.type.BasicTypeReference@7ec08115
2024-05-26T23:53:20.213+02:00 DEBUG 3612 --- [JWP-Winary] [           main] org.hibernate.type.BasicTypeRegistry     : Adding type registration java.lang.Short -> org.hibernate.type.BasicTypeReference@7ec08115
2024-05-26T23:53:20.213+02:00 DEBUG 3612 --- [JWP-Winary] [           main] org.hibernate.type.BasicTypeRegistry     : Adding type registration integer -> org.hibernate.type.BasicTypeReference@53dd42d6
2024-05-26T23:53:20.213+02:00 DEBUG 3612 --- [JWP-Winary] [           main] org.hibernate.type.BasicTypeRegistry     : Adding type registration int -> org.hibernate.type.BasicTypeReference@53dd42d6
2024-05-26T23:53:20.214+02:00 DEBUG 3612 --- [JWP-Winary] [           main] org.hibernate.type.BasicTypeRegistry     : Adding type registration java.lang.Integer -> org.hibernate.type.BasicTypeReference@53dd42d6
2024-05-26T23:53:20.214+02:00 DEBUG 3612 --- [JWP-Winary] [           main] org.hibernate.type.BasicTypeRegistry     : Adding type registration long -> org.hibernate.type.BasicTypeReference@1e76afeb
2024-05-26T23:53:20.214+02:00 DEBUG 3612 --- [JWP-Winary] [           main] org.hibernate.type.BasicTypeRegistry     : Adding type registration long -> org.hibernate.type.BasicTypeReference@1e76afeb
2024-05-26T23:53:20.214+02:00 DEBUG 3612 --- [JWP-Winary] [           main] org.hibernate.type.BasicTypeRegistry     : Adding type registration java.lang.Long -> org.hibernate.type.BasicTypeReference@1e76afeb
2024-05-26T23:53:20.214+02:00 DEBUG 3612 --- [JWP-Winary] [           main] org.hibernate.type.BasicTypeRegistry     : Adding type registration float -> org.hibernate.type.BasicTypeReference@447fa959
2024-05-26T23:53:20.215+02:00 DEBUG 3612 --- [JWP-Winary] [           main] org.hibernate.type.BasicTypeRegistry     : Adding type registration float -> org.hibernate.type.BasicTypeReference@447fa959
2024-05-26T23:53:20.215+02:00 DEBUG 3612 --- [JWP-Winary] [           main] org.hibernate.type.BasicTypeRegistry     : Adding type registration java.lang.Float -> org.hibernate.type.BasicTypeReference@447fa959
2024-05-26T23:53:20.215+02:00 DEBUG 3612 --- [JWP-Winary] [           main] org.hibernate.type.BasicTypeRegistry     : Adding type registration double -> org.hibernate.type.BasicTypeReference@3e4d40ea
2024-05-26T23:53:20.215+02:00 DEBUG 3612 --- [JWP-Winary] [           main] org.hibernate.type.BasicTypeRegistry     : Adding type registration double -> org.hibernate.type.BasicTypeReference@3e4d40ea
2024-05-26T23:53:20.215+02:00 DEBUG 3612 --- [JWP-Winary] [           main] org.hibernate.type.BasicTypeRegistry     : Adding type registration java.lang.Double -> org.hibernate.type.BasicTypeReference@3e4d40ea
2024-05-26T23:53:20.216+02:00 DEBUG 3612 --- [JWP-Winary] [           main] org.hibernate.type.BasicTypeRegistry     : Adding type registration big_integer -> org.hibernate.type.BasicTypeReference@73f6e07
2024-05-26T23:53:20.216+02:00 DEBUG 3612 --- [JWP-Winary] [           main] org.hibernate.type.BasicTypeRegistry     : Adding type registration java.math.BigInteger -> org.hibernate.type.BasicTypeReference@73f6e07
2024-05-26T23:53:20.216+02:00 DEBUG 3612 --- [JWP-Winary] [           main] org.hibernate.type.BasicTypeRegistry     : Adding type registration big_decimal -> org.hibernate.type.BasicTypeReference@2c9d90fc
2024-05-26T23:53:20.216+02:00 DEBUG 3612 --- [JWP-Winary] [           main] org.hibernate.type.BasicTypeRegistry     : Adding type registration java.math.BigDecimal -> org.hibernate.type.BasicTypeReference@2c9d90fc
2024-05-26T23:53:20.216+02:00 DEBUG 3612 --- [JWP-Winary] [           main] org.hibernate.type.BasicTypeRegistry     : Adding type registration character -> org.hibernate.type.BasicTypeReference@1511d157
2024-05-26T23:53:20.217+02:00 DEBUG 3612 --- [JWP-Winary] [           main] org.hibernate.type.BasicTypeRegistry     : Adding type registration char -> org.hibernate.type.BasicTypeReference@1511d157
2024-05-26T23:53:20.217+02:00 DEBUG 3612 --- [JWP-Winary] [           main] org.hibernate.type.BasicTypeRegistry     : Adding type registration java.lang.Character -> org.hibernate.type.BasicTypeReference@1511d157
2024-05-26T23:53:20.217+02:00 DEBUG 3612 --- [JWP-Winary] [           main] org.hibernate.type.BasicTypeRegistry     : Adding type registration character_nchar -> org.hibernate.type.BasicTypeReference@418f890f
2024-05-26T23:53:20.217+02:00 DEBUG 3612 --- [JWP-Winary] [           main] org.hibernate.type.BasicTypeRegistry     : Adding type registration string -> org.hibernate.type.BasicTypeReference@3d3c886f
2024-05-26T23:53:20.217+02:00 DEBUG 3612 --- [JWP-Winary] [           main] org.hibernate.type.BasicTypeRegistry     : Adding type registration java.lang.String -> org.hibernate.type.BasicTypeReference@3d3c886f
2024-05-26T23:53:20.217+02:00 DEBUG 3612 --- [JWP-Winary] [           main] org.hibernate.type.BasicTypeRegistry     : Adding type registration nstring -> org.hibernate.type.BasicTypeReference@7d66e544
2024-05-26T23:53:20.217+02:00 DEBUG 3612 --- [JWP-Winary] [           main] org.hibernate.type.BasicTypeRegistry     : Adding type registration characters -> org.hibernate.type.BasicTypeReference@666618d6
2024-05-26T23:53:20.217+02:00 DEBUG 3612 --- [JWP-Winary] [           main] org.hibernate.type.BasicTypeRegistry     : Adding type registration char[] -> org.hibernate.type.BasicTypeReference@666618d6
2024-05-26T23:53:20.217+02:00 DEBUG 3612 --- [JWP-Winary] [           main] org.hibernate.type.BasicTypeRegistry     : Adding type registration [C -> org.hibernate.type.BasicTypeReference@666618d6
2024-05-26T23:53:20.218+02:00 DEBUG 3612 --- [JWP-Winary] [           main] org.hibernate.type.BasicTypeRegistry     : Adding type registration wrapper-characters -> org.hibernate.type.BasicTypeReference@5b1c32e4
2024-05-26T23:53:20.218+02:00 DEBUG 3612 --- [JWP-Winary] [           main] org.hibernate.type.BasicTypeRegistry     : Adding type registration text -> org.hibernate.type.BasicTypeReference@2bab618
2024-05-26T23:53:20.218+02:00 DEBUG 3612 --- [JWP-Winary] [           main] org.hibernate.type.BasicTypeRegistry     : Adding type registration ntext -> org.hibernate.type.BasicTypeReference@48bc2fce
2024-05-26T23:53:20.218+02:00 DEBUG 3612 --- [JWP-Winary] [           main] org.hibernate.type.BasicTypeRegistry     : Adding type registration clob -> org.hibernate.type.BasicTypeReference@1eca3ea7
2024-05-26T23:53:20.218+02:00 DEBUG 3612 --- [JWP-Winary] [           main] org.hibernate.type.BasicTypeRegistry     : Adding type registration java.sql.Clob -> org.hibernate.type.BasicTypeReference@1eca3ea7
2024-05-26T23:53:20.218+02:00 DEBUG 3612 --- [JWP-Winary] [           main] org.hibernate.type.BasicTypeRegistry     : Adding type registration nclob -> org.hibernate.type.BasicTypeReference@24fba488
2024-05-26T23:53:20.218+02:00 DEBUG 3612 --- [JWP-Winary] [           main] org.hibernate.type.BasicTypeRegistry     : Adding type registration java.sql.NClob -> org.hibernate.type.BasicTypeReference@24fba488
2024-05-26T23:53:20.218+02:00 DEBUG 3612 --- [JWP-Winary] [           main] org.hibernate.type.BasicTypeRegistry     : Adding type registration materialized_clob -> org.hibernate.type.BasicTypeReference@73a6cc79
2024-05-26T23:53:20.218+02:00 DEBUG 3612 --- [JWP-Winary] [           main] org.hibernate.type.BasicTypeRegistry     : Adding type registration materialized_clob_char_array -> org.hibernate.type.BasicTypeReference@5a4d4f9c
2024-05-26T23:53:20.219+02:00 DEBUG 3612 --- [JWP-Winary] [           main] org.hibernate.type.BasicTypeRegistry     : Adding type registration materialized_clob_character_array -> org.hibernate.type.BasicTypeReference@153d6d74
2024-05-26T23:53:20.219+02:00 DEBUG 3612 --- [JWP-Winary] [           main] org.hibernate.type.BasicTypeRegistry     : Adding type registration materialized_nclob -> org.hibernate.type.BasicTypeReference@6c9b44bf
2024-05-26T23:53:20.219+02:00 DEBUG 3612 --- [JWP-Winary] [           main] org.hibernate.type.BasicTypeRegistry     : Adding type registration materialized_nclob_character_array -> org.hibernate.type.BasicTypeReference@299b9851
2024-05-26T23:53:20.219+02:00 DEBUG 3612 --- [JWP-Winary] [           main] org.hibernate.type.BasicTypeRegistry     : Adding type registration materialized_nclob_char_array -> org.hibernate.type.BasicTypeReference@191a0351
2024-05-26T23:53:20.219+02:00 DEBUG 3612 --- [JWP-Winary] [           main] org.hibernate.type.BasicTypeRegistry     : Adding type registration Duration -> org.hibernate.type.BasicTypeReference@67328bcb
2024-05-26T23:53:20.219+02:00 DEBUG 3612 --- [JWP-Winary] [           main] org.hibernate.type.BasicTypeRegistry     : Adding type registration java.time.Duration -> org.hibernate.type.BasicTypeReference@67328bcb
2024-05-26T23:53:20.219+02:00 DEBUG 3612 --- [JWP-Winary] [           main] org.hibernate.type.BasicTypeRegistry     : Adding type registration LocalDateTime -> org.hibernate.type.BasicTypeReference@51ba952e
2024-05-26T23:53:20.219+02:00 DEBUG 3612 --- [JWP-Winary] [           main] org.hibernate.type.BasicTypeRegistry     : Adding type registration java.time.LocalDateTime -> org.hibernate.type.BasicTypeReference@51ba952e
2024-05-26T23:53:20.220+02:00 DEBUG 3612 --- [JWP-Winary] [           main] org.hibernate.type.BasicTypeRegistry     : Adding type registration LocalDate -> org.hibernate.type.BasicTypeReference@2416c658
2024-05-26T23:53:20.220+02:00 DEBUG 3612 --- [JWP-Winary] [           main] org.hibernate.type.BasicTypeRegistry     : Adding type registration java.time.LocalDate -> org.hibernate.type.BasicTypeReference@2416c658
2024-05-26T23:53:20.220+02:00 DEBUG 3612 --- [JWP-Winary] [           main] org.hibernate.type.BasicTypeRegistry     : Adding type registration LocalTime -> org.hibernate.type.BasicTypeReference@6d5f4900
2024-05-26T23:53:20.220+02:00 DEBUG 3612 --- [JWP-Winary] [           main] org.hibernate.type.BasicTypeRegistry     : Adding type registration java.time.LocalTime -> org.hibernate.type.BasicTypeReference@6d5f4900
2024-05-26T23:53:20.220+02:00 DEBUG 3612 --- [JWP-Winary] [           main] org.hibernate.type.BasicTypeRegistry     : Adding type registration OffsetDateTime -> org.hibernate.type.BasicTypeReference@1e40fbb3
2024-05-26T23:53:20.220+02:00 DEBUG 3612 --- [JWP-Winary] [           main] org.hibernate.type.BasicTypeRegistry     : Adding type registration java.time.OffsetDateTime -> org.hibernate.type.BasicTypeReference@1e40fbb3
2024-05-26T23:53:20.220+02:00 DEBUG 3612 --- [JWP-Winary] [           main] org.hibernate.type.BasicTypeRegistry     : Adding type registration OffsetDateTimeWithTimezone -> org.hibernate.type.BasicTypeReference@1b560eb0
2024-05-26T23:53:20.220+02:00 DEBUG 3612 --- [JWP-Winary] [           main] org.hibernate.type.BasicTypeRegistry     : Adding type registration OffsetDateTimeWithoutTimezone -> org.hibernate.type.BasicTypeReference@9e02f84
2024-05-26T23:53:20.220+02:00 DEBUG 3612 --- [JWP-Winary] [           main] org.hibernate.type.BasicTypeRegistry     : Adding type registration OffsetTime -> org.hibernate.type.BasicTypeReference@1e6060f1
2024-05-26T23:53:20.220+02:00 DEBUG 3612 --- [JWP-Winary] [           main] org.hibernate.type.BasicTypeRegistry     : Adding type registration java.time.OffsetTime -> org.hibernate.type.BasicTypeReference@1e6060f1
2024-05-26T23:53:20.221+02:00 DEBUG 3612 --- [JWP-Winary] [           main] org.hibernate.type.BasicTypeRegistry     : Adding type registration OffsetTimeUtc -> org.hibernate.type.BasicTypeReference@7e49ded
2024-05-26T23:53:20.221+02:00 DEBUG 3612 --- [JWP-Winary] [           main] org.hibernate.type.BasicTypeRegistry     : Adding type registration OffsetTimeWithTimezone -> org.hibernate.type.BasicTypeReference@2c6c302f
2024-05-26T23:53:20.221+02:00 DEBUG 3612 --- [JWP-Winary] [           main] org.hibernate.type.BasicTypeRegistry     : Adding type registration OffsetTimeWithoutTimezone -> org.hibernate.type.BasicTypeReference@2478b629
2024-05-26T23:53:20.221+02:00 DEBUG 3612 --- [JWP-Winary] [           main] org.hibernate.type.BasicTypeRegistry     : Adding type registration ZonedDateTime -> org.hibernate.type.BasicTypeReference@39023dbf
2024-05-26T23:53:20.221+02:00 DEBUG 3612 --- [JWP-Winary] [           main] org.hibernate.type.BasicTypeRegistry     : Adding type registration java.time.ZonedDateTime -> org.hibernate.type.BasicTypeReference@39023dbf
2024-05-26T23:53:20.221+02:00 DEBUG 3612 --- [JWP-Winary] [           main] org.hibernate.type.BasicTypeRegistry     : Adding type registration ZonedDateTimeWithTimezone -> org.hibernate.type.BasicTypeReference@1a2ac487
2024-05-26T23:53:20.221+02:00 DEBUG 3612 --- [JWP-Winary] [           main] org.hibernate.type.BasicTypeRegistry     : Adding type registration ZonedDateTimeWithoutTimezone -> org.hibernate.type.BasicTypeReference@570a62a5
2024-05-26T23:53:20.221+02:00 DEBUG 3612 --- [JWP-Winary] [           main] org.hibernate.type.BasicTypeRegistry     : Adding type registration date -> org.hibernate.type.BasicTypeReference@36224f93
2024-05-26T23:53:20.221+02:00 DEBUG 3612 --- [JWP-Winary] [           main] org.hibernate.type.BasicTypeRegistry     : Adding type registration java.sql.Date -> org.hibernate.type.BasicTypeReference@36224f93
2024-05-26T23:53:20.221+02:00 DEBUG 3612 --- [JWP-Winary] [           main] org.hibernate.type.BasicTypeRegistry     : Adding type registration time -> org.hibernate.type.BasicTypeReference@1ee5632d
2024-05-26T23:53:20.221+02:00 DEBUG 3612 --- [JWP-Winary] [           main] org.hibernate.type.BasicTypeRegistry     : Adding type registration java.sql.Time -> org.hibernate.type.BasicTypeReference@1ee5632d
2024-05-26T23:53:20.221+02:00 DEBUG 3612 --- [JWP-Winary] [           main] org.hibernate.type.BasicTypeRegistry     : Adding type registration timestamp -> org.hibernate.type.BasicTypeReference@52a7928a
2024-05-26T23:53:20.221+02:00 DEBUG 3612 --- [JWP-Winary] [           main] org.hibernate.type.BasicTypeRegistry     : Adding type registration java.sql.Timestamp -> org.hibernate.type.BasicTypeReference@52a7928a
2024-05-26T23:53:20.222+02:00 DEBUG 3612 --- [JWP-Winary] [           main] org.hibernate.type.BasicTypeRegistry     : Adding type registration java.util.Date -> org.hibernate.type.BasicTypeReference@52a7928a
2024-05-26T23:53:20.222+02:00 DEBUG 3612 --- [JWP-Winary] [           main] org.hibernate.type.BasicTypeRegistry     : Adding type registration calendar -> org.hibernate.type.BasicTypeReference@563ccd31
2024-05-26T23:53:20.222+02:00 DEBUG 3612 --- [JWP-Winary] [           main] org.hibernate.type.BasicTypeRegistry     : Adding type registration java.util.Calendar -> org.hibernate.type.BasicTypeReference@563ccd31
2024-05-26T23:53:20.222+02:00 DEBUG 3612 --- [JWP-Winary] [           main] org.hibernate.type.BasicTypeRegistry     : Adding type registration java.util.GregorianCalendar -> org.hibernate.type.BasicTypeReference@563ccd31
2024-05-26T23:53:20.222+02:00 DEBUG 3612 --- [JWP-Winary] [           main] org.hibernate.type.BasicTypeRegistry     : Adding type registration calendar_date -> org.hibernate.type.BasicTypeReference@72465eb2
2024-05-26T23:53:20.222+02:00 DEBUG 3612 --- [JWP-Winary] [           main] org.hibernate.type.BasicTypeRegistry     : Adding type registration calendar_time -> org.hibernate.type.BasicTypeReference@478fb7dc
2024-05-26T23:53:20.222+02:00 DEBUG 3612 --- [JWP-Winary] [           main] org.hibernate.type.BasicTypeRegistry     : Adding type registration instant -> org.hibernate.type.BasicTypeReference@29d25e65
2024-05-26T23:53:20.223+02:00 DEBUG 3612 --- [JWP-Winary] [           main] org.hibernate.type.BasicTypeRegistry     : Adding type registration java.time.Instant -> org.hibernate.type.BasicTypeReference@29d25e65
2024-05-26T23:53:20.223+02:00 DEBUG 3612 --- [JWP-Winary] [           main] org.hibernate.type.BasicTypeRegistry     : Adding type registration uuid -> org.hibernate.type.BasicTypeReference@19b75b2b
2024-05-26T23:53:20.223+02:00 DEBUG 3612 --- [JWP-Winary] [           main] org.hibernate.type.BasicTypeRegistry     : Adding type registration java.util.UUID -> org.hibernate.type.BasicTypeReference@19b75b2b
2024-05-26T23:53:20.223+02:00 DEBUG 3612 --- [JWP-Winary] [           main] org.hibernate.type.BasicTypeRegistry     : Adding type registration pg-uuid -> org.hibernate.type.BasicTypeReference@19b75b2b
2024-05-26T23:53:20.223+02:00 DEBUG 3612 --- [JWP-Winary] [           main] org.hibernate.type.BasicTypeRegistry     : Adding type registration uuid-binary -> org.hibernate.type.BasicTypeReference@59c43561
2024-05-26T23:53:20.223+02:00 DEBUG 3612 --- [JWP-Winary] [           main] org.hibernate.type.BasicTypeRegistry     : Adding type registration uuid-char -> org.hibernate.type.BasicTypeReference@634f58d2
2024-05-26T23:53:20.223+02:00 DEBUG 3612 --- [JWP-Winary] [           main] org.hibernate.type.BasicTypeRegistry     : Adding type registration class -> org.hibernate.type.BasicTypeReference@585513a8
2024-05-26T23:53:20.223+02:00 DEBUG 3612 --- [JWP-Winary] [           main] org.hibernate.type.BasicTypeRegistry     : Adding type registration java.lang.Class -> org.hibernate.type.BasicTypeReference@585513a8
2024-05-26T23:53:20.223+02:00 DEBUG 3612 --- [JWP-Winary] [           main] org.hibernate.type.BasicTypeRegistry     : Adding type registration currency -> org.hibernate.type.BasicTypeReference@7b18658a
2024-05-26T23:53:20.224+02:00 DEBUG 3612 --- [JWP-Winary] [           main] org.hibernate.type.BasicTypeRegistry     : Adding type registration Currency -> org.hibernate.type.BasicTypeReference@7b18658a
2024-05-26T23:53:20.224+02:00 DEBUG 3612 --- [JWP-Winary] [           main] org.hibernate.type.BasicTypeRegistry     : Adding type registration java.util.Currency -> org.hibernate.type.BasicTypeReference@7b18658a
2024-05-26T23:53:20.224+02:00 DEBUG 3612 --- [JWP-Winary] [           main] org.hibernate.type.BasicTypeRegistry     : Adding type registration locale -> org.hibernate.type.BasicTypeReference@1a1f79ce
2024-05-26T23:53:20.224+02:00 DEBUG 3612 --- [JWP-Winary] [           main] org.hibernate.type.BasicTypeRegistry     : Adding type registration java.util.Locale -> org.hibernate.type.BasicTypeReference@1a1f79ce
2024-05-26T23:53:20.224+02:00 DEBUG 3612 --- [JWP-Winary] [           main] org.hibernate.type.BasicTypeRegistry     : Adding type registration serializable -> org.hibernate.type.BasicTypeReference@6aa7e176
2024-05-26T23:53:20.225+02:00 DEBUG 3612 --- [JWP-Winary] [           main] org.hibernate.type.BasicTypeRegistry     : Adding type registration java.io.Serializable -> org.hibernate.type.BasicTypeReference@6aa7e176
2024-05-26T23:53:20.225+02:00 DEBUG 3612 --- [JWP-Winary] [           main] org.hibernate.type.BasicTypeRegistry     : Adding type registration timezone -> org.hibernate.type.BasicTypeReference@52abed9d
2024-05-26T23:53:20.225+02:00 DEBUG 3612 --- [JWP-Winary] [           main] org.hibernate.type.BasicTypeRegistry     : Adding type registration java.util.TimeZone -> org.hibernate.type.BasicTypeReference@52abed9d
2024-05-26T23:53:20.225+02:00 DEBUG 3612 --- [JWP-Winary] [           main] org.hibernate.type.BasicTypeRegistry     : Adding type registration ZoneOffset -> org.hibernate.type.BasicTypeReference@281b2dfd
2024-05-26T23:53:20.225+02:00 DEBUG 3612 --- [JWP-Winary] [           main] org.hibernate.type.BasicTypeRegistry     : Adding type registration java.time.ZoneOffset -> org.hibernate.type.BasicTypeReference@281b2dfd
2024-05-26T23:53:20.225+02:00 DEBUG 3612 --- [JWP-Winary] [           main] org.hibernate.type.BasicTypeRegistry     : Adding type registration url -> org.hibernate.type.BasicTypeReference@492be039
2024-05-26T23:53:20.225+02:00 DEBUG 3612 --- [JWP-Winary] [           main] org.hibernate.type.BasicTypeRegistry     : Adding type registration java.net.URL -> org.hibernate.type.BasicTypeReference@492be039
2024-05-26T23:53:20.225+02:00 DEBUG 3612 --- [JWP-Winary] [           main] org.hibernate.type.BasicTypeRegistry     : Adding type registration vector -> org.hibernate.type.BasicTypeReference@1cd2143b
2024-05-26T23:53:20.225+02:00 DEBUG 3612 --- [JWP-Winary] [           main] org.hibernate.type.BasicTypeRegistry     : Adding type registration row_version -> org.hibernate.type.BasicTypeReference@1118d539
2024-05-26T23:53:20.231+02:00 DEBUG 3612 --- [JWP-Winary] [           main] org.hibernate.type.BasicTypeRegistry     : Adding type registration object -> org.hibernate.type.JavaObjectType@637c840d
2024-05-26T23:53:20.232+02:00 DEBUG 3612 --- [JWP-Winary] [           main] org.hibernate.type.BasicTypeRegistry     : Adding type registration java.lang.Object -> org.hibernate.type.JavaObjectType@637c840d
2024-05-26T23:53:20.234+02:00 DEBUG 3612 --- [JWP-Winary] [           main] org.hibernate.type.BasicTypeRegistry     : Adding type registration null -> org.hibernate.type.NullType@512abf25
2024-05-26T23:53:20.234+02:00 DEBUG 3612 --- [JWP-Winary] [           main] org.hibernate.type.BasicTypeRegistry     : Adding type registration imm_date -> org.hibernate.type.BasicTypeReference@515ab3f2
2024-05-26T23:53:20.234+02:00 DEBUG 3612 --- [JWP-Winary] [           main] org.hibernate.type.BasicTypeRegistry     : Adding type registration imm_time -> org.hibernate.type.BasicTypeReference@6d0e45a5
2024-05-26T23:53:20.235+02:00 DEBUG 3612 --- [JWP-Winary] [           main] org.hibernate.type.BasicTypeRegistry     : Adding type registration imm_timestamp -> org.hibernate.type.BasicTypeReference@7e7740a5
2024-05-26T23:53:20.235+02:00 DEBUG 3612 --- [JWP-Winary] [           main] org.hibernate.type.BasicTypeRegistry     : Adding type registration imm_calendar -> org.hibernate.type.BasicTypeReference@7aa01bd9
2024-05-26T23:53:20.235+02:00 DEBUG 3612 --- [JWP-Winary] [           main] org.hibernate.type.BasicTypeRegistry     : Adding type registration imm_calendar_date -> org.hibernate.type.BasicTypeReference@7e61e25c
2024-05-26T23:53:20.235+02:00 DEBUG 3612 --- [JWP-Winary] [           main] org.hibernate.type.BasicTypeRegistry     : Adding type registration imm_calendar_time -> org.hibernate.type.BasicTypeReference@615db358
2024-05-26T23:53:20.235+02:00 DEBUG 3612 --- [JWP-Winary] [           main] org.hibernate.type.BasicTypeRegistry     : Adding type registration imm_binary -> org.hibernate.type.BasicTypeReference@256bb5be
2024-05-26T23:53:20.235+02:00 DEBUG 3612 --- [JWP-Winary] [           main] org.hibernate.type.BasicTypeRegistry     : Adding type registration imm_serializable -> org.hibernate.type.BasicTypeReference@5fef0c19
2024-05-26T23:53:20.241+02:00 DEBUG 3612 --- [JWP-Winary] [           main] o.h.boot.internal.BootstrapContextImpl   : Injecting JPA temp ClassLoader [org.springframework.instrument.classloading.SimpleThrowawayClassLoader@350da119] into BootstrapContext; was [null]
2024-05-26T23:53:20.241+02:00 DEBUG 3612 --- [JWP-Winary] [           main] o.h.boot.internal.ClassLoaderAccessImpl  : ClassLoaderAccessImpl#injectTempClassLoader(org.springframework.instrument.classloading.SimpleThrowawayClassLoader@350da119) [was null]
2024-05-26T23:53:20.242+02:00 DEBUG 3612 --- [JWP-Winary] [           main] o.h.boot.internal.BootstrapContextImpl   : Injecting ScanEnvironment [org.hibernate.jpa.boot.internal.StandardJpaScanEnvironmentImpl@285a4fe3] into BootstrapContext; was [null]
2024-05-26T23:53:20.242+02:00 DEBUG 3612 --- [JWP-Winary] [           main] o.h.boot.internal.BootstrapContextImpl   : Injecting ScanOptions [org.hibernate.boot.archive.scan.internal.StandardScanOptions@2589d787] into BootstrapContext; was [org.hibernate.boot.archive.scan.internal.StandardScanOptions@1788cb61]
2024-05-26T23:53:20.478+02:00  INFO 3612 --- [JWP-Winary] [           main] o.s.o.j.p.SpringPersistenceUnitInfo      : No LoadTimeWeaver setup: ignoring JPA class transformer
2024-05-26T23:53:20.478+02:00 DEBUG 3612 --- [JWP-Winary] [           main] o.h.boot.internal.BootstrapContextImpl   : Injecting JPA temp ClassLoader [null] into BootstrapContext; was [org.springframework.instrument.classloading.SimpleThrowawayClassLoader@350da119]
2024-05-26T23:53:20.478+02:00 DEBUG 3612 --- [JWP-Winary] [           main] o.h.boot.internal.ClassLoaderAccessImpl  : ClassLoaderAccessImpl#injectTempClassLoader(null) [was org.springframework.instrument.classloading.SimpleThrowawayClassLoader@350da119]
2024-05-26T23:53:20.514+02:00 DEBUG 3612 --- [JWP-Winary] [           main] com.zaxxer.hikari.HikariConfig           : HikariPool-1 - configuration:
2024-05-26T23:53:20.519+02:00 DEBUG 3612 --- [JWP-Winary] [           main] com.zaxxer.hikari.HikariConfig           : allowPoolSuspension.............false
2024-05-26T23:53:20.519+02:00 DEBUG 3612 --- [JWP-Winary] [           main] com.zaxxer.hikari.HikariConfig           : autoCommit......................true
2024-05-26T23:53:20.520+02:00 DEBUG 3612 --- [JWP-Winary] [           main] com.zaxxer.hikari.HikariConfig           : catalog.........................none
2024-05-26T23:53:20.520+02:00 DEBUG 3612 --- [JWP-Winary] [           main] com.zaxxer.hikari.HikariConfig           : connectionInitSql...............none
2024-05-26T23:53:20.520+02:00 DEBUG 3612 --- [JWP-Winary] [           main] com.zaxxer.hikari.HikariConfig           : connectionTestQuery.............none
2024-05-26T23:53:20.521+02:00 DEBUG 3612 --- [JWP-Winary] [           main] com.zaxxer.hikari.HikariConfig           : connectionTimeout...............30000
2024-05-26T23:53:20.521+02:00 DEBUG 3612 --- [JWP-Winary] [           main] com.zaxxer.hikari.HikariConfig           : dataSource......................none
2024-05-26T23:53:20.521+02:00 DEBUG 3612 --- [JWP-Winary] [           main] com.zaxxer.hikari.HikariConfig           : dataSourceClassName.............none
2024-05-26T23:53:20.521+02:00 DEBUG 3612 --- [JWP-Winary] [           main] com.zaxxer.hikari.HikariConfig           : dataSourceJNDI..................none
2024-05-26T23:53:20.522+02:00 DEBUG 3612 --- [JWP-Winary] [           main] com.zaxxer.hikari.HikariConfig           : dataSourceProperties............{password=<masked>}
2024-05-26T23:53:20.522+02:00 DEBUG 3612 --- [JWP-Winary] [           main] com.zaxxer.hikari.HikariConfig           : driverClassName................."org.h2.Driver"
2024-05-26T23:53:20.522+02:00 DEBUG 3612 --- [JWP-Winary] [           main] com.zaxxer.hikari.HikariConfig           : exceptionOverrideClassName......none
2024-05-26T23:53:20.522+02:00 DEBUG 3612 --- [JWP-Winary] [           main] com.zaxxer.hikari.HikariConfig           : healthCheckProperties...........{}
2024-05-26T23:53:20.522+02:00 DEBUG 3612 --- [JWP-Winary] [           main] com.zaxxer.hikari.HikariConfig           : healthCheckRegistry.............none
2024-05-26T23:53:20.522+02:00 DEBUG 3612 --- [JWP-Winary] [           main] com.zaxxer.hikari.HikariConfig           : idleTimeout.....................600000
2024-05-26T23:53:20.522+02:00 DEBUG 3612 --- [JWP-Winary] [           main] com.zaxxer.hikari.HikariConfig           : initializationFailTimeout.......1
2024-05-26T23:53:20.523+02:00 DEBUG 3612 --- [JWP-Winary] [           main] com.zaxxer.hikari.HikariConfig           : isolateInternalQueries..........false
2024-05-26T23:53:20.523+02:00 DEBUG 3612 --- [JWP-Winary] [           main] com.zaxxer.hikari.HikariConfig           : jdbcUrl.........................jdbc:h2:mem:winesdb
2024-05-26T23:53:20.523+02:00 DEBUG 3612 --- [JWP-Winary] [           main] com.zaxxer.hikari.HikariConfig           : keepaliveTime...................0
2024-05-26T23:53:20.523+02:00 DEBUG 3612 --- [JWP-Winary] [           main] com.zaxxer.hikari.HikariConfig           : leakDetectionThreshold..........0
2024-05-26T23:53:20.523+02:00 DEBUG 3612 --- [JWP-Winary] [           main] com.zaxxer.hikari.HikariConfig           : maxLifetime.....................1800000
2024-05-26T23:53:20.523+02:00 DEBUG 3612 --- [JWP-Winary] [           main] com.zaxxer.hikari.HikariConfig           : maximumPoolSize.................10
2024-05-26T23:53:20.523+02:00 DEBUG 3612 --- [JWP-Winary] [           main] com.zaxxer.hikari.HikariConfig           : metricRegistry..................none
2024-05-26T23:53:20.524+02:00 DEBUG 3612 --- [JWP-Winary] [           main] com.zaxxer.hikari.HikariConfig           : metricsTrackerFactory...........none
2024-05-26T23:53:20.524+02:00 DEBUG 3612 --- [JWP-Winary] [           main] com.zaxxer.hikari.HikariConfig           : minimumIdle.....................10
2024-05-26T23:53:20.524+02:00 DEBUG 3612 --- [JWP-Winary] [           main] com.zaxxer.hikari.HikariConfig           : password........................<masked>
2024-05-26T23:53:20.524+02:00 DEBUG 3612 --- [JWP-Winary] [           main] com.zaxxer.hikari.HikariConfig           : poolName........................"HikariPool-1"
2024-05-26T23:53:20.524+02:00 DEBUG 3612 --- [JWP-Winary] [           main] com.zaxxer.hikari.HikariConfig           : readOnly........................false
2024-05-26T23:53:20.524+02:00 DEBUG 3612 --- [JWP-Winary] [           main] com.zaxxer.hikari.HikariConfig           : registerMbeans..................false
2024-05-26T23:53:20.524+02:00 DEBUG 3612 --- [JWP-Winary] [           main] com.zaxxer.hikari.HikariConfig           : scheduledExecutor...............none
2024-05-26T23:53:20.524+02:00 DEBUG 3612 --- [JWP-Winary] [           main] com.zaxxer.hikari.HikariConfig           : schema..........................none
2024-05-26T23:53:20.525+02:00 DEBUG 3612 --- [JWP-Winary] [           main] com.zaxxer.hikari.HikariConfig           : threadFactory...................internal
2024-05-26T23:53:20.525+02:00 DEBUG 3612 --- [JWP-Winary] [           main] com.zaxxer.hikari.HikariConfig           : transactionIsolation............default
2024-05-26T23:53:20.525+02:00 DEBUG 3612 --- [JWP-Winary] [           main] com.zaxxer.hikari.HikariConfig           : username........................"sa"
2024-05-26T23:53:20.525+02:00 DEBUG 3612 --- [JWP-Winary] [           main] com.zaxxer.hikari.HikariConfig           : validationTimeout...............5000
2024-05-26T23:53:20.525+02:00  INFO 3612 --- [JWP-Winary] [           main] com.zaxxer.hikari.HikariDataSource       : HikariPool-1 - Starting...
2024-05-26T23:53:20.774+02:00  INFO 3612 --- [JWP-Winary] [           main] com.zaxxer.hikari.pool.HikariPool        : HikariPool-1 - Added connection conn0: url=jdbc:h2:mem:winesdb user=SA
2024-05-26T23:53:20.776+02:00  INFO 3612 --- [JWP-Winary] [           main] com.zaxxer.hikari.HikariDataSource       : HikariPool-1 - Start completed.
2024-05-26T23:53:20.785+02:00 DEBUG 3612 --- [JWP-Winary] [           main] o.h.e.j.e.i.JdbcEnvironmentInitiator     : Database ->
       name : H2
    version : 2.2.224 (2023-09-17)
      major : 2
      minor : 2
2024-05-26T23:53:20.785+02:00 DEBUG 3612 --- [JWP-Winary] [           main] o.h.e.j.e.i.JdbcEnvironmentInitiator     : Driver ->
       name : H2 JDBC Driver
    version : 2.2.224 (2023-09-17)
      major : 2
      minor : 2
2024-05-26T23:53:20.785+02:00 DEBUG 3612 --- [JWP-Winary] [           main] o.h.e.j.e.i.JdbcEnvironmentInitiator     : JDBC version : 4.2
2024-05-26T23:53:20.827+02:00 DEBUG 3612 --- [JWP-Winary] [           main] org.hibernate.orm.dialect                : HHH035001: Using dialect: org.hibernate.dialect.H2Dialect, version: 2.2.224
2024-05-26T23:53:20.836+02:00 DEBUG 3612 --- [JWP-Winary] [           main] o.h.e.j.env.spi.IdentifierHelperBuilder  : JDBC driver metadata reported database stores quoted identifiers in neither upper, lower nor mixed case
2024-05-26T23:53:20.864+02:00 DEBUG 3612 --- [JWP-Winary] [           main] o.h.t.d.jdbc.spi.JdbcTypeRegistry        : addDescriptor(NCharTypeDescriptor) replaced previous registration(CharTypeDescriptor)
2024-05-26T23:53:20.864+02:00 DEBUG 3612 --- [JWP-Winary] [           main] o.h.t.d.jdbc.spi.JdbcTypeRegistry        : addDescriptor(NVarcharTypeDescriptor) replaced previous registration(VarcharTypeDescriptor)
2024-05-26T23:53:20.864+02:00 DEBUG 3612 --- [JWP-Winary] [           main] o.h.t.d.jdbc.spi.JdbcTypeRegistry        : addDescriptor(LongNVarcharTypeDescriptor) replaced previous registration(LongVarcharTypeDescriptor)
2024-05-26T23:53:20.868+02:00 DEBUG 3612 --- [JWP-Winary] [           main] o.h.t.d.jdbc.spi.JdbcTypeRegistry        : addDescriptor(NClobTypeDescriptor(DEFAULT)) replaced previous registration(ClobTypeDescriptor(DEFAULT))
2024-05-26T23:53:20.868+02:00 DEBUG 3612 --- [JWP-Winary] [           main] o.h.t.d.jdbc.spi.JdbcTypeRegistry        : addDescriptor(2005, ClobTypeDescriptor(STREAM_BINDING)) replaced previous registration(ClobTypeDescriptor(DEFAULT))
2024-05-26T23:53:20.870+02:00 DEBUG 3612 --- [JWP-Winary] [           main] o.h.t.d.jdbc.spi.JdbcTypeRegistry        : addDescriptor(TimestampUtcDescriptor) replaced previous registration(TimestampUtcDescriptor)
2024-05-26T23:53:20.876+02:00 DEBUG 3612 --- [JWP-Winary] [           main] org.hibernate.type.BasicTypeRegistry     : Adding type registration org.hibernate.type.DurationType -> basicType@1(java.time.Duration,3015)
2024-05-26T23:53:20.876+02:00 DEBUG 3612 --- [JWP-Winary] [           main] org.hibernate.type.BasicTypeRegistry     : Adding type registration Duration -> basicType@1(java.time.Duration,3015)
2024-05-26T23:53:20.876+02:00 DEBUG 3612 --- [JWP-Winary] [           main] org.hibernate.type.BasicTypeRegistry     : Adding type registration java.time.Duration -> basicType@1(java.time.Duration,3015)
2024-05-26T23:53:20.881+02:00 DEBUG 3612 --- [JWP-Winary] [           main] o.h.type.spi.TypeConfiguration$Scope     : Scoping TypeConfiguration [org.hibernate.type.spi.TypeConfiguration@5a466dd] to MetadataBuildingContext [org.hibernate.boot.internal.MetadataBuildingContextRootImpl@1ed9d173]
2024-05-26T23:53:20.890+02:00 DEBUG 3612 --- [JWP-Winary] [l-1 housekeeper] com.zaxxer.hikari.pool.HikariPool        : HikariPool-1 - Pool stats (total=1, active=0, idle=1, waiting=0)
2024-05-26T23:53:20.892+02:00 DEBUG 3612 --- [JWP-Winary] [onnection adder] com.zaxxer.hikari.pool.HikariPool        : HikariPool-1 - Added connection conn1: url=jdbc:h2:mem:winesdb user=SA
2024-05-26T23:53:20.910+02:00 DEBUG 3612 --- [JWP-Winary] [onnection adder] com.zaxxer.hikari.pool.HikariPool        : HikariPool-1 - Added connection conn2: url=jdbc:h2:mem:winesdb user=SA
2024-05-26T23:53:20.923+02:00 DEBUG 3612 --- [JWP-Winary] [onnection adder] com.zaxxer.hikari.pool.HikariPool        : HikariPool-1 - Added connection conn3: url=jdbc:h2:mem:winesdb user=SA
2024-05-26T23:53:20.924+02:00 DEBUG 3612 --- [JWP-Winary] [           main] o.h.boot.model.relational.Namespace      : Created database namespace [logicalName=Name{catalog=null, schema=null}, physicalName=Name{catalog=null, schema=null}]
2024-05-26T23:53:20.941+02:00 DEBUG 3612 --- [JWP-Winary] [onnection adder] com.zaxxer.hikari.pool.HikariPool        : HikariPool-1 - Added connection conn4: url=jdbc:h2:mem:winesdb user=SA
2024-05-26T23:53:20.951+02:00 DEBUG 3612 --- [JWP-Winary] [           main] o.h.boot.model.internal.EntityBinder     : Binding entity from annotated class: hr.winary.webshop.jwpwinary.model.Category
2024-05-26T23:53:20.958+02:00 DEBUG 3612 --- [JWP-Winary] [onnection adder] com.zaxxer.hikari.pool.HikariPool        : HikariPool-1 - Added connection conn5: url=jdbc:h2:mem:winesdb user=SA
2024-05-26T23:53:20.963+02:00 DEBUG 3612 --- [JWP-Winary] [           main] o.h.boot.model.internal.EntityBinder     : Import with entity name Category
2024-05-26T23:53:20.972+02:00 DEBUG 3612 --- [JWP-Winary] [           main] o.h.boot.model.internal.EntityBinder     : Bind entity hr.winary.webshop.jwpwinary.model.Category on table category
2024-05-26T23:53:20.976+02:00 DEBUG 3612 --- [JWP-Winary] [onnection adder] com.zaxxer.hikari.pool.HikariPool        : HikariPool-1 - Added connection conn6: url=jdbc:h2:mem:winesdb user=SA
2024-05-26T23:53:20.986+02:00 DEBUG 3612 --- [JWP-Winary] [           main] o.h.boot.model.internal.AnnotatedColumn  : Binding column: AnnotatedDiscriminatorColumn(column='DTYPE')
2024-05-26T23:53:21.007+02:00 DEBUG 3612 --- [JWP-Winary] [onnection adder] com.zaxxer.hikari.pool.HikariPool        : HikariPool-1 - Added connection conn7: url=jdbc:h2:mem:winesdb user=SA
2024-05-26T23:53:21.020+02:00 DEBUG 3612 --- [JWP-Winary] [           main] o.h.boot.model.internal.AnnotatedColumn  : Binding column: AnnotatedColumn(column='category_id')
2024-05-26T23:53:21.024+02:00 DEBUG 3612 --- [JWP-Winary] [           main] o.h.boot.internal.ClassLoaderAccessImpl  : Not known whether passed class name [hr.winary.webshop.jwpwinary.model.Category] is safe
2024-05-26T23:53:21.024+02:00 DEBUG 3612 --- [JWP-Winary] [           main] o.h.boot.internal.ClassLoaderAccessImpl  : No temp ClassLoader provided; using live ClassLoader for loading potentially unsafe class : hr.winary.webshop.jwpwinary.model.Category
2024-05-26T23:53:21.028+02:00 DEBUG 3612 --- [JWP-Winary] [           main] o.h.boot.model.internal.PropertyBinder   : MetadataSourceProcessor property id with lazy=false
2024-05-26T23:53:21.032+02:00 DEBUG 3612 --- [JWP-Winary] [onnection adder] com.zaxxer.hikari.pool.HikariPool        : HikariPool-1 - Added connection conn8: url=jdbc:h2:mem:winesdb user=SA
2024-05-26T23:53:21.035+02:00 DEBUG 3612 --- [JWP-Winary] [           main] o.h.b.m.internal.AbstractPropertyHolder  : Attempting to locate auto-apply AttributeConverter for property [hr.winary.webshop.jwpwinary.model.Category:id]
2024-05-26T23:53:21.041+02:00 DEBUG 3612 --- [JWP-Winary] [           main] o.h.b.model.internal.BasicValueBinder    : building BasicValue for id
2024-05-26T23:53:21.044+02:00 DEBUG 3612 --- [JWP-Winary] [           main] org.hibernate.mapping.BasicValue         : Skipping column re-registration: category.category_id
2024-05-26T23:53:21.045+02:00 DEBUG 3612 --- [JWP-Winary] [           main] o.h.boot.model.internal.PropertyBinder   : Building property id
2024-05-26T23:53:21.047+02:00 DEBUG 3612 --- [JWP-Winary] [onnection adder] com.zaxxer.hikari.pool.HikariPool        : HikariPool-1 - Added connection conn9: url=jdbc:h2:mem:winesdb user=SA
2024-05-26T23:53:21.050+02:00 DEBUG 3612 --- [JWP-Winary] [           main] o.h.boot.model.internal.BinderHelper     : #makeIdGenerator(BasicValue([Column(category_id)]), id, org.hibernate.id.enhanced.SequenceStyleGenerator, , ...)
2024-05-26T23:53:21.053+02:00 DEBUG 3612 --- [JWP-Winary] [           main] o.h.boot.model.internal.AnnotatedColumn  : Binding column: AnnotatedColumn()
2024-05-26T23:53:21.054+02:00 DEBUG 3612 --- [JWP-Winary] [           main] o.h.boot.model.internal.PropertyBinder   : MetadataSourceProcessor property name with lazy=false
2024-05-26T23:53:21.054+02:00 DEBUG 3612 --- [JWP-Winary] [           main] o.h.b.m.internal.AbstractPropertyHolder  : Attempting to locate auto-apply AttributeConverter for property [hr.winary.webshop.jwpwinary.model.Category:name]
2024-05-26T23:53:21.055+02:00 DEBUG 3612 --- [JWP-Winary] [           main] o.h.b.model.internal.BasicValueBinder    : building BasicValue for name
2024-05-26T23:53:21.055+02:00 DEBUG 3612 --- [JWP-Winary] [           main] org.hibernate.mapping.BasicValue         : Skipping column re-registration: category.name
2024-05-26T23:53:21.056+02:00 DEBUG 3612 --- [JWP-Winary] [           main] o.h.boot.model.internal.PropertyBinder   : Building property name
2024-05-26T23:53:21.058+02:00 DEBUG 3612 --- [JWP-Winary] [           main] o.h.b.r.c.i.ClassLoaderServiceImpl       : HHH000194: Package not found or wo package-info.java: hr.winary.webshop.jwpwinary.model
2024-05-26T23:53:21.063+02:00 DEBUG 3612 --- [JWP-Winary] [onnection adder] com.zaxxer.hikari.pool.HikariPool        : HikariPool-1 - After adding stats (total=10, active=0, idle=10, waiting=0)
2024-05-26T23:53:21.065+02:00 DEBUG 3612 --- [JWP-Winary] [           main] o.h.boot.model.internal.EntityBinder     : Binding entity from annotated class: hr.winary.webshop.jwpwinary.model.Purchase
2024-05-26T23:53:21.066+02:00 DEBUG 3612 --- [JWP-Winary] [           main] o.h.boot.model.internal.EntityBinder     : Import with entity name Purchase
2024-05-26T23:53:21.067+02:00 DEBUG 3612 --- [JWP-Winary] [           main] o.h.boot.model.internal.EntityBinder     : Bind entity hr.winary.webshop.jwpwinary.model.Purchase on table purchase
2024-05-26T23:53:21.067+02:00 DEBUG 3612 --- [JWP-Winary] [           main] o.h.boot.model.internal.AnnotatedColumn  : Binding column: AnnotatedDiscriminatorColumn(column='DTYPE')
2024-05-26T23:53:21.084+02:00 DEBUG 3612 --- [JWP-Winary] [           main] o.h.boot.model.internal.AnnotatedColumn  : Binding column: AnnotatedColumn()
2024-05-26T23:53:21.084+02:00 DEBUG 3612 --- [JWP-Winary] [           main] o.h.boot.internal.ClassLoaderAccessImpl  : Not known whether passed class name [hr.winary.webshop.jwpwinary.model.Purchase] is safe
2024-05-26T23:53:21.084+02:00 DEBUG 3612 --- [JWP-Winary] [           main] o.h.boot.internal.ClassLoaderAccessImpl  : No temp ClassLoader provided; using live ClassLoader for loading potentially unsafe class : hr.winary.webshop.jwpwinary.model.Purchase
2024-05-26T23:53:21.085+02:00 DEBUG 3612 --- [JWP-Winary] [           main] o.h.boot.model.internal.PropertyBinder   : MetadataSourceProcessor property id with lazy=false
2024-05-26T23:53:21.085+02:00 DEBUG 3612 --- [JWP-Winary] [           main] o.h.b.m.internal.AbstractPropertyHolder  : Attempting to locate auto-apply AttributeConverter for property [hr.winary.webshop.jwpwinary.model.Purchase:id]
2024-05-26T23:53:21.085+02:00 DEBUG 3612 --- [JWP-Winary] [           main] o.h.b.model.internal.BasicValueBinder    : building BasicValue for id
2024-05-26T23:53:21.086+02:00 DEBUG 3612 --- [JWP-Winary] [           main] org.hibernate.mapping.BasicValue         : Skipping column re-registration: purchase.id
2024-05-26T23:53:21.086+02:00 DEBUG 3612 --- [JWP-Winary] [           main] o.h.boot.model.internal.PropertyBinder   : Building property id
2024-05-26T23:53:21.086+02:00 DEBUG 3612 --- [JWP-Winary] [           main] o.h.boot.model.internal.BinderHelper     : #makeIdGenerator(BasicValue([Column(id)]), id, identity, , ...)
2024-05-26T23:53:21.087+02:00 DEBUG 3612 --- [JWP-Winary] [           main] o.h.boot.model.internal.AnnotatedColumn  : Binding column: AnnotatedColumn()
2024-05-26T23:53:21.087+02:00 DEBUG 3612 --- [JWP-Winary] [           main] o.h.boot.model.internal.PropertyBinder   : MetadataSourceProcessor property paymentMethod with lazy=false
2024-05-26T23:53:21.087+02:00 DEBUG 3612 --- [JWP-Winary] [           main] o.h.b.m.internal.AbstractPropertyHolder  : Attempting to locate auto-apply AttributeConverter for property [hr.winary.webshop.jwpwinary.model.Purchase:paymentMethod]
2024-05-26T23:53:21.087+02:00 DEBUG 3612 --- [JWP-Winary] [           main] o.h.b.model.internal.BasicValueBinder    : building BasicValue for paymentMethod
2024-05-26T23:53:21.087+02:00 DEBUG 3612 --- [JWP-Winary] [           main] org.hibernate.mapping.BasicValue         : Skipping column re-registration: purchase.payment_method
2024-05-26T23:53:21.087+02:00 DEBUG 3612 --- [JWP-Winary] [           main] o.h.boot.model.internal.PropertyBinder   : Building property paymentMethod
2024-05-26T23:53:21.090+02:00 DEBUG 3612 --- [JWP-Winary] [           main] o.h.boot.model.internal.AnnotatedColumn  : Binding column: AnnotatedColumn()
2024-05-26T23:53:21.090+02:00 DEBUG 3612 --- [JWP-Winary] [           main] o.h.boot.model.internal.PropertyBinder   : MetadataSourceProcessor property purchaseTime with lazy=false
2024-05-26T23:53:21.093+02:00 DEBUG 3612 --- [JWP-Winary] [           main] o.h.b.m.internal.AbstractPropertyHolder  : Attempting to locate auto-apply AttributeConverter for property [hr.winary.webshop.jwpwinary.model.Purchase:purchaseTime]
2024-05-26T23:53:21.094+02:00 DEBUG 3612 --- [JWP-Winary] [           main] o.h.b.model.internal.BasicValueBinder    : building BasicValue for purchaseTime
2024-05-26T23:53:21.097+02:00 DEBUG 3612 --- [JWP-Winary] [           main] org.hibernate.mapping.BasicValue         : Skipping column re-registration: purchase.purchase_time
2024-05-26T23:53:21.098+02:00 DEBUG 3612 --- [JWP-Winary] [           main] o.h.boot.model.internal.PropertyBinder   : Building property purchaseTime
2024-05-26T23:53:21.102+02:00 DEBUG 3612 --- [JWP-Winary] [           main] o.h.boot.model.internal.AnnotatedColumn  : Binding column: AnnotatedColumn()
2024-05-26T23:53:21.102+02:00 DEBUG 3612 --- [JWP-Winary] [           main] o.h.boot.model.internal.PropertyBinder   : MetadataSourceProcessor property quantity with lazy=false
[...]
         - @ConditionalOnClass did not find required class 'org.springframework.web.socket.config.annotation.WebSocketMessageBrokerConfigurer' (OnClassCondition)

   WebSocketReactiveAutoConfiguration:
      Did not match:
         - @ConditionalOnWebApplication did not find reactive web application classes (OnWebApplicationCondition)

   WebSocketServletAutoConfiguration.JettyWebSocketConfiguration:
      Did not match:
         - @ConditionalOnClass did not find required class 'org.eclipse.jetty.ee10.websocket.jakarta.server.config.JakartaWebSocketServletContainerInitializer' (OnClassCondition)

   WebSocketServletAutoConfiguration.UndertowWebSocketConfiguration:
      Did not match:
         - @ConditionalOnClass did not find required class 'io.undertow.websockets.jsr.Bootstrap' (OnClassCondition)

   XADataSourceAutoConfiguration:
      Did not match:
         - @ConditionalOnBean (types: org.springframework.boot.jdbc.XADataSourceWrapper; SearchStrategy: all) did not find any beans of type org.springframework.boot.jdbc.XADataSourceWrapper (OnBeanCondition)
      Matched:
         - @ConditionalOnClass found required classes 'javax.sql.DataSource', 'jakarta.transaction.TransactionManager', 'org.springframework.jdbc.datasource.embedded.EmbeddedDatabaseType' (OnClassCondition)


Exclusions:
-----------

    None


Unconditional classes:
----------------------

    org.springframework.boot.autoconfigure.context.ConfigurationPropertiesAutoConfiguration

    org.springframework.boot.autoconfigure.ssl.SslAutoConfiguration

    org.springframework.boot.autoconfigure.context.PropertyPlaceholderAutoConfiguration

    org.springframework.boot.autoconfigure.context.LifecycleAutoConfiguration

    org.springframework.boot.autoconfigure.availability.ApplicationAvailabilityAutoConfiguration

    org.springframework.boot.autoconfigure.info.ProjectInfoAutoConfiguration



2024-05-26T23:53:24.175+02:00  INFO 3612 --- [JWP-Winary] [           main] h.w.w.j.JwpWinaryApplicationTests        : Started JwpWinaryApplicationTests in 6.451 seconds (process running for 7.944)
2024-05-26T23:53:24.179+02:00 DEBUG 3612 --- [JWP-Winary] [           main] o.s.b.a.ApplicationAvailabilityBean      : Application availability state LivenessState changed to CORRECT
2024-05-26T23:53:24.198+02:00 DEBUG 3612 --- [JWP-Winary] [           main] o.s.boot.devtools.restart.Restarter      : Creating new Restarter for thread Thread[#1,main,5,main]
2024-05-26T23:53:24.199+02:00 DEBUG 3612 --- [JWP-Winary] [           main] o.s.b.a.ApplicationAvailabilityBean      : Application availability state ReadinessState changed to ACCEPTING_TRAFFIC
2024-05-26T23:53:24.201+02:00 DEBUG 3612 --- [JWP-Winary] [           main] org.springframework.test.context.cache   : Spring test ApplicationContext cache statistics: [DefaultContextCache@6345dc06 size = 1, maxSize = 32, parentContextCount = 0, hitCount = 0, missCount = 1, failureCount = 0]
2024-05-26T23:53:24.201+02:00 DEBUG 3612 --- [JWP-Winary] [           main] o.s.t.c.w.ServletTestExecutionListener   : Setting up MockHttpServletRequest, MockHttpServletResponse, ServletWebRequest, and RequestContextHolder for test class hr.winary.webshop.jwpwinary.JwpWinaryApplicationTests
2024-05-26T23:53:24.213+02:00 DEBUG 3612 --- [JWP-Winary] [           main] DependencyInjectionTestExecutionListener : Performing dependency injection for test class hr.winary.webshop.jwpwinary.JwpWinaryApplicationTests
2024-05-26T23:53:24.213+02:00 DEBUG 3612 --- [JWP-Winary] [           main] org.springframework.test.context.cache   : Spring test ApplicationContext cache statistics: [DefaultContextCache@6345dc06 size = 1, maxSize = 32, parentContextCount = 0, hitCount = 1, missCount = 1, failureCount = 0]
2024-05-26T23:53:24.214+02:00 DEBUG 3612 --- [JWP-Winary] [           main] org.springframework.test.context.cache   : Spring test ApplicationContext cache statistics: [DefaultContextCache@6345dc06 size = 1, maxSize = 32, parentContextCount = 0, hitCount = 2, missCount = 1, failureCount = 0]
2024-05-26T23:53:24.228+02:00 DEBUG 3612 --- [JWP-Winary] [           main] sContextBeforeModesTestExecutionListener : Before test method: class [JwpWinaryApplicationTests], method [contextLoads], class annotated with @DirtiesContext [false] with mode [null], method annotated with @DirtiesContext [false] with mode [null]
2024-05-26T23:53:24.230+02:00 DEBUG 3612 --- [JWP-Winary] [           main] org.springframework.test.context.cache   : Spring test ApplicationContext cache statistics: [DefaultContextCache@6345dc06 size = 1, maxSize = 32, parentContextCount = 0, hitCount = 3, missCount = 1, failureCount = 0]
2024-05-26T23:53:24.230+02:00 DEBUG 3612 --- [JWP-Winary] [           main] org.springframework.test.context.cache   : Spring test ApplicationContext cache statistics: [DefaultContextCache@6345dc06 size = 1, maxSize = 32, parentContextCount = 0, hitCount = 4, missCount = 1, failureCount = 0]
2024-05-26T23:53:24.308+02:00 DEBUG 3612 --- [JWP-Winary] [           main] java.lang.ProcessBuilder                 : ProcessBuilder.start(): pid: 18072, dir: null, cmd: "C:\Users\Isabelle\.jdks\openjdk-21\bin\java.exe"

java.lang.RuntimeException: ProcessBuilder.start() debug
	at java.base/java.lang.ProcessBuilder.start(ProcessBuilder.java:1147) ~[na:na]
	at java.base/java.lang.ProcessBuilder.start(ProcessBuilder.java:1089) ~[na:na]
	at net.bytebuddy.agent.ByteBuddyAgent.installExternal(ByteBuddyAgent.java:705) ~[byte-buddy-agent-1.14.13.jar:na]
	at net.bytebuddy.agent.ByteBuddyAgent.install(ByteBuddyAgent.java:636) ~[byte-buddy-agent-1.14.13.jar:na]
	at net.bytebuddy.agent.ByteBuddyAgent.install(ByteBuddyAgent.java:616) ~[byte-buddy-agent-1.14.13.jar:na]
	at net.bytebuddy.agent.ByteBuddyAgent.install(ByteBuddyAgent.java:568) ~[byte-buddy-agent-1.14.13.jar:na]
	at net.bytebuddy.agent.ByteBuddyAgent.install(ByteBuddyAgent.java:545) ~[byte-buddy-agent-1.14.13.jar:na]
	at org.mockito.internal.creation.bytebuddy.InlineDelegateByteBuddyMockMaker.<clinit>(InlineDelegateByteBuddyMockMaker.java:133) ~[mockito-core-5.7.0.jar:na]
	at org.mockito.internal.creation.bytebuddy.InlineByteBuddyMockMaker.<init>(InlineByteBuddyMockMaker.java:23) ~[mockito-core-5.7.0.jar:na]
	at java.base/jdk.internal.reflect.DirectConstructorHandleAccessor.newInstance(DirectConstructorHandleAccessor.java:62) ~[na:na]
	at java.base/java.lang.reflect.Constructor.newInstanceWithCaller(Constructor.java:502) ~[na:na]
	at java.base/java.lang.reflect.Constructor.newInstance(Constructor.java:486) ~[na:na]
	at org.mockito.internal.configuration.plugins.DefaultMockitoPlugins.create(DefaultMockitoPlugins.java:103) ~[mockito-core-5.7.0.jar:na]
	at org.mockito.internal.configuration.plugins.DefaultMockitoPlugins.getDefaultPlugin(DefaultMockitoPlugins.java:79) ~[mockito-core-5.7.0.jar:na]
	at org.mockito.internal.configuration.plugins.PluginLoader.loadPlugin(PluginLoader.java:75) ~[mockito-core-5.7.0.jar:na]
	at org.mockito.internal.configuration.plugins.PluginLoader.loadPlugin(PluginLoader.java:50) ~[mockito-core-5.7.0.jar:na]
	at org.mockito.internal.configuration.plugins.PluginRegistry.<init>(PluginRegistry.java:27) ~[mockito-core-5.7.0.jar:na]
	at org.mockito.internal.configuration.plugins.Plugins.<clinit>(Plugins.java:22) ~[mockito-core-5.7.0.jar:na]
	at org.mockito.internal.MockitoCore.<clinit>(MockitoCore.java:73) ~[mockito-core-5.7.0.jar:na]
	at org.mockito.Mockito.<clinit>(Mockito.java:1683) ~[mockito-core-5.7.0.jar:na]
	at org.springframework.boot.test.mock.mockito.MockReset.get(MockReset.java:105) ~[spring-boot-test-3.2.5.jar:3.2.5]
	at org.springframework.boot.test.mock.mockito.ResetMocksTestExecutionListener.resetMocks(ResetMocksTestExecutionListener.java:85) ~[spring-boot-test-3.2.5.jar:3.2.5]
	at org.springframework.boot.test.mock.mockito.ResetMocksTestExecutionListener.resetMocks(ResetMocksTestExecutionListener.java:73) ~[spring-boot-test-3.2.5.jar:3.2.5]
	at org.springframework.boot.test.mock.mockito.ResetMocksTestExecutionListener.beforeTestMethod(ResetMocksTestExecutionListener.java:60) ~[spring-boot-test-3.2.5.jar:3.2.5]
	at org.springframework.test.context.TestContextManager.beforeTestMethod(TestContextManager.java:320) ~[spring-test-6.1.6.jar:6.1.6]
	at org.springframework.test.context.junit.jupiter.SpringExtension.beforeEach(SpringExtension.java:240) ~[spring-test-6.1.6.jar:6.1.6]
	at org.junit.jupiter.engine.descriptor.TestMethodTestDescriptor.lambda$invokeBeforeEachCallbacks$2(TestMethodTestDescriptor.java:167) ~[junit-jupiter-engine-5.10.2.jar:5.10.2]
	at org.junit.jupiter.engine.descriptor.TestMethodTestDescriptor.lambda$invokeBeforeMethodsOrCallbacksUntilExceptionOccurs$6(TestMethodTestDescriptor.java:203) ~[junit-jupiter-engine-5.10.2.jar:5.10.2]
	at org.junit.platform.engine.support.hierarchical.ThrowableCollector.execute(ThrowableCollector.java:73) ~[junit-platform-engine-1.10.2.jar:1.10.2]
	at org.junit.jupiter.engine.descriptor.TestMethodTestDescriptor.invokeBeforeMethodsOrCallbacksUntilExceptionOccurs(TestMethodTestDescriptor.java:203) ~[junit-jupiter-engine-5.10.2.jar:5.10.2]
	at org.junit.jupiter.engine.descriptor.TestMethodTestDescriptor.invokeBeforeEachCallbacks(TestMethodTestDescriptor.java:166) ~[junit-jupiter-engine-5.10.2.jar:5.10.2]
	at org.junit.jupiter.engine.descriptor.TestMethodTestDescriptor.execute(TestMethodTestDescriptor.java:133) ~[junit-jupiter-engine-5.10.2.jar:5.10.2]
	at org.junit.jupiter.engine.descriptor.TestMethodTestDescriptor.execute(TestMethodTestDescriptor.java:69) ~[junit-jupiter-engine-5.10.2.jar:5.10.2]
	at org.junit.platform.engine.support.hierarchical.NodeTestTask.lambda$executeRecursively$6(NodeTestTask.java:151) ~[junit-platform-engine-1.10.2.jar:1.10.2]
	at org.junit.platform.engine.support.hierarchical.ThrowableCollector.execute(ThrowableCollector.java:73) ~[junit-platform-engine-1.10.2.jar:1.10.2]
	at org.junit.platform.engine.support.hierarchical.NodeTestTask.lambda$executeRecursively$8(NodeTestTask.java:141) ~[junit-platform-engine-1.10.2.jar:1.10.2]
	at org.junit.platform.engine.support.hierarchical.Node.around(Node.java:137) ~[junit-platform-engine-1.10.2.jar:1.10.2]
	at org.junit.platform.engine.support.hierarchical.NodeTestTask.lambda$executeRecursively$9(NodeTestTask.java:139) ~[junit-platform-engine-1.10.2.jar:1.10.2]
	at org.junit.platform.engine.support.hierarchical.ThrowableCollector.execute(ThrowableCollector.java:73) ~[junit-platform-engine-1.10.2.jar:1.10.2]
	at org.junit.platform.engine.support.hierarchical.NodeTestTask.executeRecursively(NodeTestTask.java:138) ~[junit-platform-engine-1.10.2.jar:1.10.2]
	at org.junit.platform.engine.support.hierarchical.NodeTestTask.execute(NodeTestTask.java:95) ~[junit-platform-engine-1.10.2.jar:1.10.2]
	at java.base/java.util.ArrayList.forEach(ArrayList.java:1596) ~[na:na]
	at org.junit.platform.engine.support.hierarchical.SameThreadHierarchicalTestExecutorService.invokeAll(SameThreadHierarchicalTestExecutorService.java:41) ~[junit-platform-engine-1.10.2.jar:1.10.2]
	at org.junit.platform.engine.support.hierarchical.NodeTestTask.lambda$executeRecursively$6(NodeTestTask.java:155) ~[junit-platform-engine-1.10.2.jar:1.10.2]
	at org.junit.platform.engine.support.hierarchical.ThrowableCollector.execute(ThrowableCollector.java:73) ~[junit-platform-engine-1.10.2.jar:1.10.2]
	at org.junit.platform.engine.support.hierarchical.NodeTestTask.lambda$executeRecursively$8(NodeTestTask.java:141) ~[junit-platform-engine-1.10.2.jar:1.10.2]
	at org.junit.platform.engine.support.hierarchical.Node.around(Node.java:137) ~[junit-platform-engine-1.10.2.jar:1.10.2]
	at org.junit.platform.engine.support.hierarchical.NodeTestTask.lambda$executeRecursively$9(NodeTestTask.java:139) ~[junit-platform-engine-1.10.2.jar:1.10.2]
	at org.junit.platform.engine.support.hierarchical.ThrowableCollector.execute(ThrowableCollector.java:73) ~[junit-platform-engine-1.10.2.jar:1.10.2]
	at org.junit.platform.engine.support.hierarchical.NodeTestTask.executeRecursively(NodeTestTask.java:138) ~[junit-platform-engine-1.10.2.jar:1.10.2]
	at org.junit.platform.engine.support.hierarchical.NodeTestTask.execute(NodeTestTask.java:95) ~[junit-platform-engine-1.10.2.jar:1.10.2]
	at java.base/java.util.ArrayList.forEach(ArrayList.java:1596) ~[na:na]
	at org.junit.platform.engine.support.hierarchical.SameThreadHierarchicalTestExecutorService.invokeAll(SameThreadHierarchicalTestExecutorService.java:41) ~[junit-platform-engine-1.10.2.jar:1.10.2]
	at org.junit.platform.engine.support.hierarchical.NodeTestTask.lambda$executeRecursively$6(NodeTestTask.java:155) ~[junit-platform-engine-1.10.2.jar:1.10.2]
	at org.junit.platform.engine.support.hierarchical.ThrowableCollector.execute(ThrowableCollector.java:73) ~[junit-platform-engine-1.10.2.jar:1.10.2]
	at org.junit.platform.engine.support.hierarchical.NodeTestTask.lambda$executeRecursively$8(NodeTestTask.java:141) ~[junit-platform-engine-1.10.2.jar:1.10.2]
	at org.junit.platform.engine.support.hierarchical.Node.around(Node.java:137) ~[junit-platform-engine-1.10.2.jar:1.10.2]
	at org.junit.platform.engine.support.hierarchical.NodeTestTask.lambda$executeRecursively$9(NodeTestTask.java:139) ~[junit-platform-engine-1.10.2.jar:1.10.2]
	at org.junit.platform.engine.support.hierarchical.ThrowableCollector.execute(ThrowableCollector.java:73) ~[junit-platform-engine-1.10.2.jar:1.10.2]
	at org.junit.platform.engine.support.hierarchical.NodeTestTask.executeRecursively(NodeTestTask.java:138) ~[junit-platform-engine-1.10.2.jar:1.10.2]
	at org.junit.platform.engine.support.hierarchical.NodeTestTask.execute(NodeTestTask.java:95) ~[junit-platform-engine-1.10.2.jar:1.10.2]
	at org.junit.platform.engine.support.hierarchical.SameThreadHierarchicalTestExecutorService.submit(SameThreadHierarchicalTestExecutorService.java:35) ~[junit-platform-engine-1.10.2.jar:1.10.2]
	at org.junit.platform.engine.support.hierarchical.HierarchicalTestExecutor.execute(HierarchicalTestExecutor.java:57) ~[junit-platform-engine-1.10.2.jar:1.10.2]
	at org.junit.platform.engine.support.hierarchical.HierarchicalTestEngine.execute(HierarchicalTestEngine.java:54) ~[junit-platform-engine-1.10.2.jar:1.10.2]
	at org.junit.platform.launcher.core.EngineExecutionOrchestrator.execute(EngineExecutionOrchestrator.java:198) ~[junit-platform-launcher-1.10.2.jar:1.10.2]
	at org.junit.platform.launcher.core.EngineExecutionOrchestrator.execute(EngineExecutionOrchestrator.java:169) ~[junit-platform-launcher-1.10.2.jar:1.10.2]
	at org.junit.platform.launcher.core.EngineExecutionOrchestrator.execute(EngineExecutionOrchestrator.java:93) ~[junit-platform-launcher-1.10.2.jar:1.10.2]
	at org.junit.platform.launcher.core.EngineExecutionOrchestrator.lambda$execute$0(EngineExecutionOrchestrator.java:58) ~[junit-platform-launcher-1.10.2.jar:1.10.2]
	at org.junit.platform.launcher.core.EngineExecutionOrchestrator.withInterceptedStreams(EngineExecutionOrchestrator.java:141) ~[junit-platform-launcher-1.10.2.jar:1.10.2]
	at org.junit.platform.launcher.core.EngineExecutionOrchestrator.execute(EngineExecutionOrchestrator.java:57) ~[junit-platform-launcher-1.10.2.jar:1.10.2]
	at org.junit.platform.launcher.core.DefaultLauncher.execute(DefaultLauncher.java:103) ~[junit-platform-launcher-1.10.2.jar:1.10.2]
	at org.junit.platform.launcher.core.DefaultLauncher.execute(DefaultLauncher.java:85) ~[junit-platform-launcher-1.10.2.jar:1.10.2]
	at org.junit.platform.launcher.core.DelegatingLauncher.execute(DelegatingLauncher.java:47) ~[junit-platform-launcher-1.10.2.jar:1.10.2]
	at org.apache.maven.surefire.junitplatform.LazyLauncher.execute(LazyLauncher.java:56) ~[surefire-junit-platform-3.1.2.jar:3.1.2]
	at org.apache.maven.surefire.junitplatform.JUnitPlatformProvider.execute(JUnitPlatformProvider.java:184) ~[surefire-junit-platform-3.1.2.jar:3.1.2]
	at org.apache.maven.surefire.junitplatform.JUnitPlatformProvider.invokeAllTests(JUnitPlatformProvider.java:148) ~[surefire-junit-platform-3.1.2.jar:3.1.2]
	at org.apache.maven.surefire.junitplatform.JUnitPlatformProvider.invoke(JUnitPlatformProvider.java:122) ~[surefire-junit-platform-3.1.2.jar:3.1.2]
	at org.apache.maven.surefire.booter.ForkedBooter.runSuitesInProcess(ForkedBooter.java:385) ~[surefire-booter-3.1.2.jar:3.1.2]
	at org.apache.maven.surefire.booter.ForkedBooter.execute(ForkedBooter.java:162) ~[surefire-booter-3.1.2.jar:3.1.2]
	at org.apache.maven.surefire.booter.ForkedBooter.run(ForkedBooter.java:507) ~[surefire-booter-3.1.2.jar:3.1.2]
	at org.apache.maven.surefire.booter.ForkedBooter.main(ForkedBooter.java:495) ~[surefire-booter-3.1.2.jar:3.1.2]

2024-05-26T23:53:24.876+02:00 DEBUG 3612 --- [JWP-Winary] [           main] org.springframework.test.context.cache   : Spring test ApplicationContext cache statistics: [DefaultContextCache@6345dc06 size = 1, maxSize = 32, parentContextCount = 0, hitCount = 5, missCount = 1, failureCount = 0]
2024-05-26T23:53:24.882+02:00 DEBUG 3612 --- [JWP-Winary] [           main] org.springframework.test.context.cache   : Spring test ApplicationContext cache statistics: [DefaultContextCache@6345dc06 size = 1, maxSize = 32, parentContextCount = 0, hitCount = 6, missCount = 1, failureCount = 0]
2024-05-26T23:53:24.883+02:00 DEBUG 3612 --- [JWP-Winary] [           main] org.springframework.test.context.cache   : Spring test ApplicationContext cache statistics: [DefaultContextCache@6345dc06 size = 1, maxSize = 32, parentContextCount = 0, hitCount = 7, missCount = 1, failureCount = 0]
2024-05-26T23:53:24.883+02:00 DEBUG 3612 --- [JWP-Winary] [           main] org.springframework.test.context.cache   : Spring test ApplicationContext cache statistics: [DefaultContextCache@6345dc06 size = 1, maxSize = 32, parentContextCount = 0, hitCount = 8, missCount = 1, failureCount = 0]
2024-05-26T23:53:24.883+02:00 DEBUG 3612 --- [JWP-Winary] [           main] org.springframework.test.context.cache   : Spring test ApplicationContext cache statistics: [DefaultContextCache@6345dc06 size = 1, maxSize = 32, parentContextCount = 0, hitCount = 9, missCount = 1, failureCount = 0]
2024-05-26T23:53:24.884+02:00 DEBUG 3612 --- [JWP-Winary] [           main] org.springframework.test.context.cache   : Spring test ApplicationContext cache statistics: [DefaultContextCache@6345dc06 size = 1, maxSize = 32, parentContextCount = 0, hitCount = 10, missCount = 1, failureCount = 0]
2024-05-26T23:53:24.886+02:00 DEBUG 3612 --- [JWP-Winary] [           main] org.springframework.test.context.cache   : Spring test ApplicationContext cache statistics: [DefaultContextCache@6345dc06 size = 1, maxSize = 32, parentContextCount = 0, hitCount = 11, missCount = 1, failureCount = 0]
2024-05-26T23:53:24.886+02:00 DEBUG 3612 --- [JWP-Winary] [           main] org.springframework.test.context.cache   : Spring test ApplicationContext cache statistics: [DefaultContextCache@6345dc06 size = 1, maxSize = 32, parentContextCount = 0, hitCount = 12, missCount = 1, failureCount = 0]
2024-05-26T23:53:24.887+02:00 DEBUG 3612 --- [JWP-Winary] [           main] .c.s.DirtiesContextTestExecutionListener : After test method: class [JwpWinaryApplicationTests], method [contextLoads], class annotated with @DirtiesContext [false] with mode [null], method annotated with @DirtiesContext [false] with mode [null]
2024-05-26T23:53:24.887+02:00 DEBUG 3612 --- [JWP-Winary] [           main] o.s.t.c.w.ServletTestExecutionListener   : Resetting RequestContextHolder for test class hr.winary.webshop.jwpwinary.JwpWinaryApplicationTests
]]></system-out>
    <system-err><![CDATA[WARNING: A Java agent has been loaded dynamically (C:\Users\Isabelle\.m2\repository\net\bytebuddy\byte-buddy-agent\1.14.13\byte-buddy-agent-1.14.13.jar)
WARNING: If a serviceability tool is in use, please run with -XX:+EnableDynamicAgentLoading to hide this warning
WARNING: If a serviceability tool is not in use, please run with -Djdk.instrument.traceUsage for more information
WARNING: Dynamic loading of agents will be disallowed by default in a future release
]]></system-err>
  </testcase>
</testsuite>